<?xml version="1.0" encoding="UTF-8"?>
<!-- Generated by org.testng.reporters.JUnitXMLReporter -->
<testsuite ignored="0" hostname="DESKTOP-JIL93TC" failures="0" tests="8" name="TestsOnEdge1" time="208.015" errors="0" timestamp="2022-06-14T17:43:30 IDT">
  <testcase classname="tests.ButiqSparimTests" name="checkingIfLikeButtonsAreWorking" time="26.476"/>
  <testcase classname="tests.ButiqSparimTests" name="rightAmuontOfBooksInEachCategory" time="66.027"/>
  <testcase classname="tests.FormsTests" name="errorMessagesContactMeForm" time="5.647"/>
  <testcase classname="tests.FormsTests" name="errorMessagesLetTalkAboutItForm" time="6.912"/>
  <testcase classname="tests.FormsTests" name="errorMessagesOnFormSendEmail" time="6.577"/>
  <testcase classname="tests.FormsTests" name="followOrderFormErrorMessages" time="9.133"/>
  <testcase classname="tests.PriceTableTests" name="CheckingTheAmountOfPagesBasedOnAmountOfClicks" time="16.909"/>
  <testcase classname="tests.PriceTableTests" name="checkingTheInfoOfTheTable" time="12.286"/>
</testsuite> <!-- TestsOnEdge1 -->
