<?xml version="1.0" encoding="UTF-8"?>
<!-- Generated by org.testng.reporters.JUnitXMLReporter -->
<testsuite ignored="0" hostname="DESKTOP-JIL93TC" failures="0" tests="5" name="TestsOnEdge2" time="95.975" errors="0" timestamp="2022-06-03T18:43:52 IDT">
  <testcase classname="tests.AccountTests" name="CheckingSearchResultsFromChat" time="14.545"/>
  <testcase classname="tests.AccountTests" name="CreatAcoountErrorMessages" time="7.798"/>
  <testcase classname="tests.AccountTests" name="CrudTestPersonalDetails" time="16.017"/>
  <testcase classname="tests.AccountTests" name="LogInwithFacebookToLupa" time="15.831"/>
  <testcase classname="tests.E2ETests" name="editPics" time="6.31"/>
</testsuite> <!-- TestsOnEdge2 -->
