<?xml version="1.0" encoding="UTF-8"?>
<!-- Generated by org.testng.reporters.JUnitXMLReporter -->
<testsuite ignored="0" hostname="DESKTOP-JIL93TC" failures="0" tests="19" name="TestChrome" time="405.829" errors="0" timestamp="2022-05-28T21:43:19 IDT">
  <testcase classname="tests.AccountTests" name="CheckingSearchResultsFromChat" time="5.863"/>
  <testcase classname="tests.AccountTests" name="CreatAcoountErrorMessages" time="5.976"/>
  <testcase classname="tests.AccountTests" name="CrudTestPersonalDetails" time="16.052"/>
  <testcase classname="tests.AccountTests" name="LogInwithFacebookToLupa" time="15.909"/>
  <testcase classname="tests.AccountTests" name="connectToFacebookThroughChat" time="10.859"/>
  <testcase classname="tests.ButiqSparimTests" name="checkingIfLikeButtonsAreWorking" time="26.418"/>
  <testcase classname="tests.ButiqSparimTests" name="rightAmuontOfBooksInEachCategory" time="59.553"/>
  <testcase classname="tests.E2ETests" name="editPics" time="5.913"/>
  <testcase classname="tests.FormsTests" name="errorMessagesContactMeForm" time="5.663"/>
  <testcase classname="tests.FormsTests" name="errorMessagesLetTalkAboutItForm" time="6.994"/>
  <testcase classname="tests.FormsTests" name="errorMessagesOnFormSendEmail" time="6.041"/>
  <testcase classname="tests.FormsTests" name="followOrderFormErrorMessages" time="9.027"/>
  <testcase classname="tests.LinksTests" name="LinksTestsOnMenuAlbumTmonot" time="42.515"/>
  <testcase classname="tests.LinksTests" name="LinksTetsMenuBottomOfThePage" time="53.983"/>
  <testcase classname="tests.PriceTableTests" name="CheckingTheAmountOfPagesBasedOnAmountOfClicks" time="15.659"/>
  <testcase classname="tests.PriceTableTests" name="checkingTheInfoOfTheTable" time="12.046"/>
  <testcase classname="tests.UXTestsMainPage" name="UXTestLupaLogo" time="0.583"/>
  <testcase classname="tests.UXTestsMainPage" name="UXTestOn2LinksFontAndColor" time="0.707"/>
  <testcase classname="tests.UXTestsMainPage" name="UXTestOnDiscountAd" time="0.093"/>
</testsuite> <!-- TestChrome -->
