<?xml version="1.0" encoding="UTF-8"?>
<!-- Generated by org.testng.reporters.JUnitXMLReporter -->
<testsuite ignored="0" hostname="DESKTOP-JIL93TC" failures="0" tests="11" name="TestChrome" time="305.076" errors="0" timestamp="2022-03-04T14:38:45 IST">
  <testcase classname="tests.Tests" name="UXFontColorLinks" time="0.057"/>
  <testcase classname="tests.Tests" name="connectToFacebookThroughChat" time="9.961"/>
  <testcase classname="tests.Tests" name="cssValueDiscount" time="0.061"/>
  <testcase classname="tests.Tests" name="editPics" time="8.07"/>
  <testcase classname="tests.Tests" name="searchResults" time="4.017"/>
  <testcase classname="tests.Tests" name="uxTest" time="0.541"/>
  <testcase classname="tests.Tests" name="valuesInTable" time="3.739"/>
  <testcase classname="tests.Tests" name="MenuTestAlbumTmonot" time="19.133"/>
  <testcase classname="tests.Tests" name="LikeButtons" time="24.527"/>
  <testcase classname="tests.Tests" name="followOrderFailed" time="12.991"/>
  <testcase classname="tests.Tests" name="butiqSparimCatgorys" time="62.671"/>
</testsuite> <!-- TestChrome -->
