<?xml version="1.0" encoding="UTF-8"?>
<!-- Generated by org.testng.reporters.JUnitXMLReporter -->
<testsuite ignored="0" hostname="DESKTOP-JIL93TC" failures="2" tests="5" name="TestsOnEdge3" time="152.5" errors="0" timestamp="2022-06-03T18:46:24 IDT">
  <testcase classname="tests.LinksTests" name="LinksTestsOnMenuAlbumTmonot" time="52.224">
    <failure type="java.lang.ArrayIndexOutOfBoundsException" message="Index 11 out of bounds for length 11">
      <![CDATA[java.lang.ArrayIndexOutOfBoundsException: Index 11 out of bounds for length 11
at tools.LinksFunctions.CheckingIfTheTestGotToTheRightURLs(LinksFunctions.java:23)
at tests.LinksTests.LinksTestsOnMenuAlbumTmonot(LinksTests.java:78)
at java.base/java.util.ArrayList.forEach(ArrayList.java:1540)
... Removed 27 stack frames]]>
    </failure>
  </testcase> <!-- LinksTestsOnMenuAlbumTmonot -->
  <testcase classname="tests.LinksTests" name="LinksTetsMenuBottomOfThePage" time="61.973"/>
  <testcase classname="tests.UXTestsMainPage" name="UXTestLupaLogo" time="0.57"/>
  <testcase classname="tests.UXTestsMainPage" name="UXTestOn2LinksFontAndColor" time="0.697">
    <failure type="java.lang.ArrayIndexOutOfBoundsException" message="Index 4 out of bounds for length 4">
      <![CDATA[java.lang.ArrayIndexOutOfBoundsException: Index 4 out of bounds for length 4
at tools.UXFunctions.checkingFontAndColorOf2Links(UXFunctions.java:40)
at tests.UXTestsMainPage.UXTestOn2LinksFontAndColor(UXTestsMainPage.java:111)
at java.base/java.util.ArrayList.forEach(ArrayList.java:1540)
... Removed 27 stack frames]]>
    </failure>
  </testcase> <!-- UXTestOn2LinksFontAndColor -->
  <testcase classname="tests.UXTestsMainPage" name="UXTestOnDiscountAd" time="0.069"/>
</testsuite> <!-- TestsOnEdge3 -->
