<?xml version="1.0" encoding="UTF-8"?>
<!-- Generated by org.testng.reporters.JUnitXMLReporter -->
<testsuite ignored="0" hostname="DESKTOP-JIL93TC" failures="0" tests="4" name="TestEdge" time="2.211" errors="0" timestamp="2022-04-16T18:05:56 IDT">
  <testcase classname="tests.FormsTests" name="@BeforeMethod beforeMethod" time="2.201">
    <failure type="io.github.bonigarcia.wdm.config.WebDriverManagerException" message="io.github.bonigarcia.wdm.config.WebDriverManagerException: msedgedriver 100.0.1185.44 for WIN 64 not found in https://msedgedriver.azureedge.net/">
      <![CDATA[io.github.bonigarcia.wdm.config.WebDriverManagerException: io.github.bonigarcia.wdm.config.WebDriverManagerException: msedgedriver 100.0.1185.44 for WIN 64 not found in https://msedgedriver.azureedge.net/
at io.github.bonigarcia.wdm.WebDriverManager.handleException(WebDriverManager.java:725)
at io.github.bonigarcia.wdm.WebDriverManager.manage(WebDriverManager.java:531)
at io.github.bonigarcia.wdm.WebDriverManager.handleException(WebDriverManager.java:722)
at io.github.bonigarcia.wdm.WebDriverManager.manage(WebDriverManager.java:531)
at io.github.bonigarcia.wdm.WebDriverManager.setup(WebDriverManager.java:277)
at tests.FormsTests.beforeMethod(FormsTests.java:79)
at java.base/java.util.ArrayList.forEach(ArrayList.java:1540)
Caused by: io.github.bonigarcia.wdm.config.WebDriverManagerException: msedgedriver 100.0.1185.44 for WIN 64 not found in https://msedgedriver.azureedge.net/
at io.github.bonigarcia.wdm.WebDriverManager.noCandidateUrlFound(WebDriverManager.java:607)
at io.github.bonigarcia.wdm.WebDriverManager.createUrlHandler(WebDriverManager.java:756)
at io.github.bonigarcia.wdm.WebDriverManager.download(WebDriverManager.java:593)
at io.github.bonigarcia.wdm.WebDriverManager.manage(WebDriverManager.java:525)
... 36 more
... Removed 31 stack frames]]>
    </failure>
  </testcase> <!-- @BeforeMethod beforeMethod -->
  <testcase classname="tests.FormsTests" name="@AfterMethod afterMethod" time="-1.650121556495E9">
    <skipped/>
  </testcase> <!-- @AfterMethod afterMethod -->
  <testcase classname="tests.FormsTests" name="@BeforeMethod beforeMethod" time="-1.650121556496E9">
    <skipped/>
  </testcase> <!-- @BeforeMethod beforeMethod -->
  <testcase classname="tests.FormsTests" name="@AfterMethod afterMethod" time="-1.650121556497E9">
    <skipped/>
  </testcase> <!-- @AfterMethod afterMethod -->
  <testcase classname="tests.FormsTests" name="@BeforeMethod beforeMethod" time="-1.650121556498E9">
    <skipped/>
  </testcase> <!-- @BeforeMethod beforeMethod -->
  <testcase classname="tests.FormsTests" name="@AfterMethod afterMethod" time="-1.6501215565E9">
    <skipped/>
  </testcase> <!-- @AfterMethod afterMethod -->
  <testcase classname="tests.FormsTests" name="@BeforeMethod beforeMethod" time="-1.6501215565E9">
    <skipped/>
  </testcase> <!-- @BeforeMethod beforeMethod -->
  <testcase classname="tests.FormsTests" name="@AfterMethod afterMethod" time="-1.650121556502E9">
    <skipped/>
  </testcase> <!-- @AfterMethod afterMethod -->
  <testcase classname="tests.FormsTests" name="errorMessagesContactMeForm" time="0.0">
    <skipped/>
  </testcase> <!-- errorMessagesContactMeForm -->
  <testcase classname="tests.FormsTests" name="errorMessagesLetTalkAboutItForm" time="0.0">
    <skipped/>
  </testcase> <!-- errorMessagesLetTalkAboutItForm -->
  <testcase classname="tests.FormsTests" name="errorMessagesOnFormSendEmail" time="0.0">
    <skipped/>
  </testcase> <!-- errorMessagesOnFormSendEmail -->
  <testcase classname="tests.FormsTests" name="followOrderFormErrorMessages" time="0.0">
    <skipped/>
  </testcase> <!-- followOrderFormErrorMessages -->
</testsuite> <!-- TestEdge -->
