<?xml version="1.0" encoding="UTF-8"?>
<!-- Generated by org.testng.reporters.JUnitXMLReporter -->
<testsuite ignored="0" hostname="DESKTOP-JIL93TC" failures="0" tests="18" name="TestsOnChrome" time="419.244" errors="0" timestamp="2022-06-03T18:38:30 IDT">
  <testcase classname="tests.AccountTests" name="CheckingSearchResultsFromChat" time="11.701"/>
  <testcase classname="tests.AccountTests" name="CreatAcoountErrorMessages" time="5.992"/>
  <testcase classname="tests.AccountTests" name="CrudTestPersonalDetails" time="15.599"/>
  <testcase classname="tests.AccountTests" name="LogInwithFacebookToLupa" time="15.96"/>
  <testcase classname="tests.ButiqSparimTests" name="checkingIfLikeButtonsAreWorking" time="26.65"/>
  <testcase classname="tests.ButiqSparimTests" name="rightAmuontOfBooksInEachCategory" time="59.979"/>
  <testcase classname="tests.E2ETests" name="editPics" time="10.61"/>
  <testcase classname="tests.FormsTests" name="errorMessagesContactMeForm" time="5.749"/>
  <testcase classname="tests.FormsTests" name="errorMessagesLetTalkAboutItForm" time="7.096"/>
  <testcase classname="tests.FormsTests" name="errorMessagesOnFormSendEmail" time="6.08"/>
  <testcase classname="tests.FormsTests" name="followOrderFormErrorMessages" time="8.172"/>
  <testcase classname="tests.LinksTests" name="LinksTestsOnMenuAlbumTmonot" time="51.515"/>
  <testcase classname="tests.LinksTests" name="LinksTetsMenuBottomOfThePage" time="61.567"/>
  <testcase classname="tests.PriceTableTests" name="CheckingTheAmountOfPagesBasedOnAmountOfClicks" time="15.673"/>
  <testcase classname="tests.PriceTableTests" name="checkingTheInfoOfTheTable" time="12.142"/>
  <testcase classname="tests.UXTestsMainPage" name="UXTestLupaLogo" time="0.578"/>
  <testcase classname="tests.UXTestsMainPage" name="UXTestOn2LinksFontAndColor" time="0.7"/>
  <testcase classname="tests.UXTestsMainPage" name="UXTestOnDiscountAd" time="0.083"/>
</testsuite> <!-- TestsOnChrome -->
