<?xml version="1.0" encoding="UTF-8"?>
<!-- Generated by org.testng.reporters.JUnitXMLReporter -->
<testsuite ignored="0" hostname="DESKTOP-JIL93TC" failures="0" tests="8" name="TestsOnEdge1" time="225.569" errors="0" timestamp="2022-06-03T18:42:16 IDT">
  <testcase classname="tests.ButiqSparimTests" name="checkingIfLikeButtonsAreWorking" time="26.459"/>
  <testcase classname="tests.ButiqSparimTests" name="rightAmuontOfBooksInEachCategory" time="59.873"/>
  <testcase classname="tests.FormsTests" name="errorMessagesContactMeForm" time="5.638"/>
  <testcase classname="tests.FormsTests" name="errorMessagesLetTalkAboutItForm" time="6.982"/>
  <testcase classname="tests.FormsTests" name="errorMessagesOnFormSendEmail" time="6.363"/>
  <testcase classname="tests.FormsTests" name="followOrderFormErrorMessages" time="34.24"/>
  <testcase classname="tests.PriceTableTests" name="CheckingTheAmountOfPagesBasedOnAmountOfClicks" time="15.904"/>
  <testcase classname="tests.PriceTableTests" name="checkingTheInfoOfTheTable" time="13.24"/>
</testsuite> <!-- TestsOnEdge1 -->
