<?xml version="1.0" encoding="UTF-8"?>
<testng-results ignored="12" total="13" passed="1" failed="0" skipped="0">
  <reporter-output>
  </reporter-output>
  <suite started-at="2022-03-07T11:25:41 IST" name="Default suite" finished-at="2022-03-07T11:26:27 IST" duration-ms="46026">
    <groups>
    </groups>
    <test started-at="2022-03-07T11:25:41 IST" name="Default test" finished-at="2022-03-07T11:26:27 IST" duration-ms="46026">
      <class name="tests.Tests">
        <test-method is-config="true" signature="beforeTest()[pri:0, instance:tests.Tests@4d02f94e]" started-at="2022-03-07T11:25:41 IST" name="beforeTest" finished-at="2022-03-07T11:25:57 IST" duration-ms="16461" status="PASS">
          <reporter-output>
          </reporter-output>
        </test-method> <!-- beforeTest -->
        <test-method signature="Links()[pri:0, instance:tests.Tests@4d02f94e]" started-at="2022-03-07T11:25:57 IST" name="Links" finished-at="2022-03-07T11:26:27 IST" duration-ms="29543" status="PASS">
          <reporter-output>
          </reporter-output>
        </test-method> <!-- Links -->
        <test-method is-config="true" signature="afterTest()[pri:0, instance:tests.Tests@4d02f94e]" started-at="2022-03-07T11:26:27 IST" name="afterTest" finished-at="2022-03-07T11:26:27 IST" duration-ms="0" status="PASS">
          <reporter-output>
          </reporter-output>
        </test-method> <!-- afterTest -->
      </class> <!-- tests.Tests -->
    </test> <!-- Default test -->
  </suite> <!-- Default suite -->
</testng-results>
