<?xml version="1.0" encoding="UTF-8"?>
<testng-results ignored="0" total="38" passed="32" failed="6" skipped="0">
  <reporter-output>
  </reporter-output>
  <suite started-at="2022-05-28T18:08:31 IDT" name="Suite" finished-at="2022-05-28T18:22:09 IDT" duration-ms="817919">
    <groups>
    </groups>
    <test started-at="2022-05-28T18:08:31 IDT" name="TestChrome" finished-at="2022-05-28T18:15:04 IDT" duration-ms="392951">
      <class name="tests.LinksTests">
        <test-method is-config="true" signature="beforeMethod(java.lang.String)[pri:0, instance:tests.LinksTests@3d6f0054]" started-at="2022-05-28T18:12:25 IDT" name="beforeMethod" finished-at="2022-05-28T18:12:30 IDT" duration-ms="4808" status="PASS">
          <params>
            <param index="0">
              <value>
                <![CDATA[chrome]]>
              </value>
            </param>
          </params>
          <reporter-output>
          </reporter-output>
        </test-method> <!-- beforeMethod -->
        <test-method signature="LinksTestsOnMenuAlbumTmonot()[pri:0, instance:tests.LinksTests@3d6f0054]" started-at="2022-05-28T18:12:30 IDT" name="LinksTestsOnMenuAlbumTmonot" finished-at="2022-05-28T18:13:08 IDT" duration-ms="37894" status="PASS">
          <reporter-output>
          </reporter-output>
        </test-method> <!-- LinksTestsOnMenuAlbumTmonot -->
        <test-method is-config="true" signature="afterMethod()[pri:0, instance:tests.LinksTests@3d6f0054]" started-at="2022-05-28T18:13:08 IDT" name="afterMethod" finished-at="2022-05-28T18:13:08 IDT" duration-ms="640" status="PASS">
          <reporter-output>
          </reporter-output>
        </test-method> <!-- afterMethod -->
        <test-method is-config="true" signature="beforeMethod(java.lang.String)[pri:0, instance:tests.LinksTests@3d6f0054]" started-at="2022-05-28T18:13:08 IDT" name="beforeMethod" finished-at="2022-05-28T18:13:13 IDT" duration-ms="4871" status="PASS">
          <params>
            <param index="0">
              <value>
                <![CDATA[chrome]]>
              </value>
            </param>
          </params>
          <reporter-output>
          </reporter-output>
        </test-method> <!-- beforeMethod -->
        <test-method signature="LinksTetsMenuBottomOfThePage()[pri:0, instance:tests.LinksTests@3d6f0054]" started-at="2022-05-28T18:13:13 IDT" name="LinksTetsMenuBottomOfThePage" finished-at="2022-05-28T18:14:07 IDT" duration-ms="54284" status="PASS">
          <reporter-output>
          </reporter-output>
        </test-method> <!-- LinksTetsMenuBottomOfThePage -->
        <test-method is-config="true" signature="afterMethod()[pri:0, instance:tests.LinksTests@3d6f0054]" started-at="2022-05-28T18:14:07 IDT" name="afterMethod" finished-at="2022-05-28T18:14:08 IDT" duration-ms="670" status="PASS">
          <reporter-output>
          </reporter-output>
        </test-method> <!-- afterMethod -->
      </class> <!-- tests.LinksTests -->
      <class name="tests.FormsTests">
        <test-method is-config="true" signature="beforeMethod(java.lang.String)[pri:0, instance:tests.FormsTests@16a0ee18]" started-at="2022-05-28T18:11:38 IDT" name="beforeMethod" finished-at="2022-05-28T18:11:43 IDT" duration-ms="5366" status="PASS">
          <params>
            <param index="0">
              <value>
                <![CDATA[chrome]]>
              </value>
            </param>
          </params>
          <reporter-output>
          </reporter-output>
        </test-method> <!-- beforeMethod -->
        <test-method signature="errorMessagesContactMeForm()[pri:0, instance:tests.FormsTests@16a0ee18]" started-at="2022-05-28T18:11:43 IDT" name="errorMessagesContactMeForm" finished-at="2022-05-28T18:11:49 IDT" duration-ms="5613" status="PASS">
          <reporter-output>
          </reporter-output>
        </test-method> <!-- errorMessagesContactMeForm -->
        <test-method is-config="true" signature="afterMethod()[pri:0, instance:tests.FormsTests@16a0ee18]" started-at="2022-05-28T18:11:49 IDT" name="afterMethod" finished-at="2022-05-28T18:11:50 IDT" duration-ms="776" status="PASS">
          <reporter-output>
          </reporter-output>
        </test-method> <!-- afterMethod -->
        <test-method is-config="true" signature="beforeMethod(java.lang.String)[pri:0, instance:tests.FormsTests@16a0ee18]" started-at="2022-05-28T18:11:50 IDT" name="beforeMethod" finished-at="2022-05-28T18:11:55 IDT" duration-ms="4899" status="PASS">
          <params>
            <param index="0">
              <value>
                <![CDATA[chrome]]>
              </value>
            </param>
          </params>
          <reporter-output>
          </reporter-output>
        </test-method> <!-- beforeMethod -->
        <test-method signature="errorMessagesLetTalkAboutItForm()[pri:0, instance:tests.FormsTests@16a0ee18]" started-at="2022-05-28T18:11:55 IDT" name="errorMessagesLetTalkAboutItForm" finished-at="2022-05-28T18:12:02 IDT" duration-ms="6998" status="PASS">
          <reporter-output>
          </reporter-output>
        </test-method> <!-- errorMessagesLetTalkAboutItForm -->
        <test-method is-config="true" signature="afterMethod()[pri:0, instance:tests.FormsTests@16a0ee18]" started-at="2022-05-28T18:12:02 IDT" name="afterMethod" finished-at="2022-05-28T18:12:02 IDT" duration-ms="778" status="PASS">
          <reporter-output>
          </reporter-output>
        </test-method> <!-- afterMethod -->
        <test-method is-config="true" signature="beforeMethod(java.lang.String)[pri:0, instance:tests.FormsTests@16a0ee18]" started-at="2022-05-28T18:12:02 IDT" name="beforeMethod" finished-at="2022-05-28T18:12:07 IDT" duration-ms="4906" status="PASS">
          <params>
            <param index="0">
              <value>
                <![CDATA[chrome]]>
              </value>
            </param>
          </params>
          <reporter-output>
          </reporter-output>
        </test-method> <!-- beforeMethod -->
        <test-method signature="errorMessagesOnFormSendEmail()[pri:0, instance:tests.FormsTests@16a0ee18]" started-at="2022-05-28T18:12:07 IDT" name="errorMessagesOnFormSendEmail" finished-at="2022-05-28T18:12:10 IDT" duration-ms="3101" status="FAIL">
          <exception class="org.openqa.selenium.NoSuchElementException">
            <message>
              <![CDATA[no such element: Unable to locate element: {"method":"link text","selector":"יאללה למייל"}
  (Session info: chrome=102.0.5005.62)
For documentation on this error, please visit: https://selenium.dev/exceptions/#no_such_element
Build info: version: '4.0.0', revision: '3a21814679'
System info: host: 'DESKTOP-JIL93TC', ip: '192.168.1.15', os.name: 'Windows 10', os.arch: 'amd64', os.version: '10.0', java.version: '11.0.3'
Driver info: org.openqa.selenium.chrome.ChromeDriver
Command: [dfcadcf2c9c13af40c7c16b4f04f7652, findElement {using=link text, value=יאללה למייל}]
Capabilities {acceptInsecureCerts: false, browserName: chrome, browserVersion: 102.0.5005.62, chrome: {chromedriverVersion: 102.0.5005.61 (0e59bcc00cc4..., userDataDir: C:\Users\yakov\AppData\Loca...}, goog:chromeOptions: {debuggerAddress: localhost:57524}, javascriptEnabled: true, networkConnectionEnabled: false, pageLoadStrategy: normal, platform: WINDOWS, platformName: WINDOWS, proxy: Proxy(), se:cdp: ws://localhost:57524/devtoo..., se:cdpVersion: 102.0.5005.62, setWindowRect: true, strictFileInteractability: false, timeouts: {implicit: 0, pageLoad: 300000, script: 30000}, unhandledPromptBehavior: dismiss and notify, webauthn:extension:credBlob: true, webauthn:extension:largeBlob: true, webauthn:virtualAuthenticators: true}
Session ID: dfcadcf2c9c13af40c7c16b4f04f7652]]>
            </message>
            <full-stacktrace>
              <![CDATA[org.openqa.selenium.NoSuchElementException: no such element: Unable to locate element: {"method":"link text","selector":"יאללה למייל"}
  (Session info: chrome=102.0.5005.62)
For documentation on this error, please visit: https://selenium.dev/exceptions/#no_such_element
Build info: version: '4.0.0', revision: '3a21814679'
System info: host: 'DESKTOP-JIL93TC', ip: '192.168.1.15', os.name: 'Windows 10', os.arch: 'amd64', os.version: '10.0', java.version: '11.0.3'
Driver info: org.openqa.selenium.chrome.ChromeDriver
Command: [dfcadcf2c9c13af40c7c16b4f04f7652, findElement {using=link text, value=יאללה למייל}]
Capabilities {acceptInsecureCerts: false, browserName: chrome, browserVersion: 102.0.5005.62, chrome: {chromedriverVersion: 102.0.5005.61 (0e59bcc00cc4..., userDataDir: C:\Users\yakov\AppData\Loca...}, goog:chromeOptions: {debuggerAddress: localhost:57524}, javascriptEnabled: true, networkConnectionEnabled: false, pageLoadStrategy: normal, platform: WINDOWS, platformName: WINDOWS, proxy: Proxy(), se:cdp: ws://localhost:57524/devtoo..., se:cdpVersion: 102.0.5005.62, setWindowRect: true, strictFileInteractability: false, timeouts: {implicit: 0, pageLoad: 300000, script: 30000}, unhandledPromptBehavior: dismiss and notify, webauthn:extension:credBlob: true, webauthn:extension:largeBlob: true, webauthn:virtualAuthenticators: true}
Session ID: dfcadcf2c9c13af40c7c16b4f04f7652
at java.base/jdk.internal.reflect.NativeConstructorAccessorImpl.newInstance0(Native Method)
at java.base/jdk.internal.reflect.NativeConstructorAccessorImpl.newInstance(NativeConstructorAccessorImpl.java:62)
at java.base/jdk.internal.reflect.DelegatingConstructorAccessorImpl.newInstance(DelegatingConstructorAccessorImpl.java:45)
at java.base/java.lang.reflect.Constructor.newInstance(Constructor.java:490)
at org.openqa.selenium.remote.codec.w3c.W3CHttpResponseCodec.createException(W3CHttpResponseCodec.java:200)
at org.openqa.selenium.remote.codec.w3c.W3CHttpResponseCodec.decode(W3CHttpResponseCodec.java:133)
at org.openqa.selenium.remote.codec.w3c.W3CHttpResponseCodec.decode(W3CHttpResponseCodec.java:53)
at org.openqa.selenium.remote.HttpCommandExecutor.execute(HttpCommandExecutor.java:184)
at org.openqa.selenium.remote.service.DriverCommandExecutor.invokeExecute(DriverCommandExecutor.java:164)
at org.openqa.selenium.remote.service.DriverCommandExecutor.execute(DriverCommandExecutor.java:139)
at org.openqa.selenium.remote.RemoteWebDriver.execute(RemoteWebDriver.java:559)
at org.openqa.selenium.remote.ElementLocation$ElementFinder$2.findElement(ElementLocation.java:162)
at org.openqa.selenium.remote.ElementLocation.findElement(ElementLocation.java:60)
at org.openqa.selenium.remote.RemoteWebDriver.findElement(RemoteWebDriver.java:383)
at org.openqa.selenium.remote.RemoteWebDriver.findElement(RemoteWebDriver.java:375)
at tests.FormsTests.openTheSendEmailForm(FormsTests.java:131)
at tests.FormsTests.errorMessagesOnFormSendEmail(FormsTests.java:109)
at java.base/jdk.internal.reflect.NativeMethodAccessorImpl.invoke0(Native Method)
at java.base/jdk.internal.reflect.NativeMethodAccessorImpl.invoke(NativeMethodAccessorImpl.java:62)
at java.base/jdk.internal.reflect.DelegatingMethodAccessorImpl.invoke(DelegatingMethodAccessorImpl.java:43)
at java.base/java.lang.reflect.Method.invoke(Method.java:566)
at org.testng.internal.MethodInvocationHelper.invokeMethod(MethodInvocationHelper.java:134)
at org.testng.internal.TestInvoker.invokeMethod(TestInvoker.java:597)
at org.testng.internal.TestInvoker.invokeTestMethod(TestInvoker.java:173)
at org.testng.internal.MethodRunner.runInSequence(MethodRunner.java:46)
at org.testng.internal.TestInvoker$MethodInvocationAgent.invoke(TestInvoker.java:816)
at org.testng.internal.TestInvoker.invokeTestMethods(TestInvoker.java:146)
at org.testng.internal.TestMethodWorker.invokeTestMethods(TestMethodWorker.java:146)
at org.testng.internal.TestMethodWorker.run(TestMethodWorker.java:128)
at java.base/java.util.ArrayList.forEach(ArrayList.java:1540)
at org.testng.TestRunner.privateRun(TestRunner.java:766)
at org.testng.TestRunner.run(TestRunner.java:587)
at org.testng.SuiteRunner.runTest(SuiteRunner.java:384)
at org.testng.SuiteRunner.runSequentially(SuiteRunner.java:378)
at org.testng.SuiteRunner.privateRun(SuiteRunner.java:337)
at org.testng.SuiteRunner.run(SuiteRunner.java:286)
at org.testng.SuiteRunnerWorker.runSuite(SuiteRunnerWorker.java:53)
at org.testng.SuiteRunnerWorker.run(SuiteRunnerWorker.java:96)
at org.testng.TestNG.runSuitesSequentially(TestNG.java:1187)
at org.testng.TestNG.runSuitesLocally(TestNG.java:1109)
at org.testng.TestNG.runSuites(TestNG.java:1039)
at org.testng.TestNG.run(TestNG.java:1007)
at org.testng.remote.AbstractRemoteTestNG.run(AbstractRemoteTestNG.java:115)
at org.testng.remote.RemoteTestNG.initAndRun(RemoteTestNG.java:251)
at org.testng.remote.RemoteTestNG.main(RemoteTestNG.java:77)
]]>
            </full-stacktrace>
          </exception> <!-- org.openqa.selenium.NoSuchElementException -->
          <reporter-output>
          </reporter-output>
        </test-method> <!-- errorMessagesOnFormSendEmail -->
        <test-method is-config="true" signature="afterMethod()[pri:0, instance:tests.FormsTests@16a0ee18]" started-at="2022-05-28T18:12:10 IDT" name="afterMethod" finished-at="2022-05-28T18:12:11 IDT" duration-ms="647" status="PASS">
          <reporter-output>
          </reporter-output>
        </test-method> <!-- afterMethod -->
        <test-method is-config="true" signature="beforeMethod(java.lang.String)[pri:0, instance:tests.FormsTests@16a0ee18]" started-at="2022-05-28T18:12:11 IDT" name="beforeMethod" finished-at="2022-05-28T18:12:16 IDT" duration-ms="4853" status="PASS">
          <params>
            <param index="0">
              <value>
                <![CDATA[chrome]]>
              </value>
            </param>
          </params>
          <reporter-output>
          </reporter-output>
        </test-method> <!-- beforeMethod -->
        <test-method signature="followOrderFormErrorMessages()[pri:0, instance:tests.FormsTests@16a0ee18]" started-at="2022-05-28T18:12:16 IDT" name="followOrderFormErrorMessages" finished-at="2022-05-28T18:12:24 IDT" duration-ms="8206" status="PASS">
          <reporter-output>
          </reporter-output>
        </test-method> <!-- followOrderFormErrorMessages -->
        <test-method is-config="true" signature="afterMethod()[pri:0, instance:tests.FormsTests@16a0ee18]" started-at="2022-05-28T18:12:24 IDT" name="afterMethod" finished-at="2022-05-28T18:12:25 IDT" duration-ms="616" status="PASS">
          <reporter-output>
          </reporter-output>
        </test-method> <!-- afterMethod -->
      </class> <!-- tests.FormsTests -->
      <class name="tests.AccountTests">
        <test-method is-config="true" signature="beforeTest(java.lang.String)[pri:0, instance:tests.AccountTests@fa49800]" started-at="2022-05-28T18:08:31 IDT" name="beforeTest" finished-at="2022-05-28T18:08:37 IDT" duration-ms="5934" status="PASS">
          <params>
            <param index="0">
              <value>
                <![CDATA[chrome]]>
              </value>
            </param>
          </params>
          <reporter-output>
          </reporter-output>
        </test-method> <!-- beforeTest -->
        <test-method signature="CheckingSearchResultsFromChat()[pri:0, instance:tests.AccountTests@fa49800]" started-at="2022-05-28T18:08:37 IDT" name="CheckingSearchResultsFromChat" finished-at="2022-05-28T18:08:49 IDT" duration-ms="11644" status="PASS">
          <reporter-output>
          </reporter-output>
        </test-method> <!-- CheckingSearchResultsFromChat -->
        <test-method is-config="true" signature="afterTest()[pri:0, instance:tests.AccountTests@fa49800]" started-at="2022-05-28T18:08:49 IDT" name="afterTest" finished-at="2022-05-28T18:08:49 IDT" duration-ms="618" status="PASS">
          <reporter-output>
          </reporter-output>
        </test-method> <!-- afterTest -->
        <test-method is-config="true" signature="beforeTest(java.lang.String)[pri:0, instance:tests.AccountTests@fa49800]" started-at="2022-05-28T18:08:49 IDT" name="beforeTest" finished-at="2022-05-28T18:08:54 IDT" duration-ms="4844" status="PASS">
          <params>
            <param index="0">
              <value>
                <![CDATA[chrome]]>
              </value>
            </param>
          </params>
          <reporter-output>
          </reporter-output>
        </test-method> <!-- beforeTest -->
        <test-method signature="CreatAcoountErrorMessages()[pri:0, instance:tests.AccountTests@fa49800]" started-at="2022-05-28T18:08:54 IDT" name="CreatAcoountErrorMessages" finished-at="2022-05-28T18:09:00 IDT" duration-ms="5991" status="PASS">
          <reporter-output>
          </reporter-output>
        </test-method> <!-- CreatAcoountErrorMessages -->
        <test-method is-config="true" signature="afterTest()[pri:0, instance:tests.AccountTests@fa49800]" started-at="2022-05-28T18:09:00 IDT" name="afterTest" finished-at="2022-05-28T18:09:01 IDT" duration-ms="620" status="PASS">
          <reporter-output>
          </reporter-output>
        </test-method> <!-- afterTest -->
        <test-method is-config="true" signature="beforeTest(java.lang.String)[pri:0, instance:tests.AccountTests@fa49800]" started-at="2022-05-28T18:09:01 IDT" name="beforeTest" finished-at="2022-05-28T18:09:05 IDT" duration-ms="4536" status="PASS">
          <params>
            <param index="0">
              <value>
                <![CDATA[chrome]]>
              </value>
            </param>
          </params>
          <reporter-output>
          </reporter-output>
        </test-method> <!-- beforeTest -->
        <test-method signature="CrudTestPersonalDetails()[pri:0, instance:tests.AccountTests@fa49800]" started-at="2022-05-28T18:09:05 IDT" name="CrudTestPersonalDetails" finished-at="2022-05-28T18:09:20 IDT" duration-ms="14664" status="PASS">
          <reporter-output>
          </reporter-output>
        </test-method> <!-- CrudTestPersonalDetails -->
        <test-method is-config="true" signature="afterTest()[pri:0, instance:tests.AccountTests@fa49800]" started-at="2022-05-28T18:09:20 IDT" name="afterTest" finished-at="2022-05-28T18:09:20 IDT" duration-ms="623" status="PASS">
          <reporter-output>
          </reporter-output>
        </test-method> <!-- afterTest -->
        <test-method is-config="true" signature="beforeTest(java.lang.String)[pri:0, instance:tests.AccountTests@fa49800]" started-at="2022-05-28T18:09:20 IDT" name="beforeTest" finished-at="2022-05-28T18:09:25 IDT" duration-ms="4954" status="PASS">
          <params>
            <param index="0">
              <value>
                <![CDATA[chrome]]>
              </value>
            </param>
          </params>
          <reporter-output>
          </reporter-output>
        </test-method> <!-- beforeTest -->
        <test-method signature="LogInwithFacebookToLupa()[pri:0, instance:tests.AccountTests@fa49800]" started-at="2022-05-28T18:09:25 IDT" name="LogInwithFacebookToLupa" finished-at="2022-05-28T18:09:41 IDT" duration-ms="15982" status="PASS">
          <reporter-output>
          </reporter-output>
        </test-method> <!-- LogInwithFacebookToLupa -->
        <test-method is-config="true" signature="afterTest()[pri:0, instance:tests.AccountTests@fa49800]" started-at="2022-05-28T18:09:41 IDT" name="afterTest" finished-at="2022-05-28T18:09:42 IDT" duration-ms="627" status="PASS">
          <reporter-output>
          </reporter-output>
        </test-method> <!-- afterTest -->
        <test-method is-config="true" signature="beforeTest(java.lang.String)[pri:0, instance:tests.AccountTests@fa49800]" started-at="2022-05-28T18:09:42 IDT" name="beforeTest" finished-at="2022-05-28T18:09:47 IDT" duration-ms="4853" status="PASS">
          <params>
            <param index="0">
              <value>
                <![CDATA[chrome]]>
              </value>
            </param>
          </params>
          <reporter-output>
          </reporter-output>
        </test-method> <!-- beforeTest -->
        <test-method signature="connectToFacebookThroughChat()[pri:0, instance:tests.AccountTests@fa49800]" started-at="2022-05-28T18:09:47 IDT" name="connectToFacebookThroughChat" finished-at="2022-05-28T18:09:49 IDT" duration-ms="2283" status="FAIL">
          <exception class="java.lang.IndexOutOfBoundsException">
            <message>
              <![CDATA[Index 1 out of bounds for length 1]]>
            </message>
            <full-stacktrace>
              <![CDATA[java.lang.IndexOutOfBoundsException: Index 1 out of bounds for length 1
at java.base/jdk.internal.util.Preconditions.outOfBounds(Preconditions.java:64)
at java.base/jdk.internal.util.Preconditions.outOfBoundsCheckIndex(Preconditions.java:70)
at java.base/jdk.internal.util.Preconditions.checkIndex(Preconditions.java:248)
at java.base/java.util.Objects.checkIndex(Objects.java:372)
at java.base/java.util.ArrayList.get(ArrayList.java:458)
at tests.AccountTests.switchToTheMainFrameAndswitchToTabNub2(AccountTests.java:358)
at tests.AccountTests.connectToFacebookThroughChat(AccountTests.java:324)
at java.base/jdk.internal.reflect.NativeMethodAccessorImpl.invoke0(Native Method)
at java.base/jdk.internal.reflect.NativeMethodAccessorImpl.invoke(NativeMethodAccessorImpl.java:62)
at java.base/jdk.internal.reflect.DelegatingMethodAccessorImpl.invoke(DelegatingMethodAccessorImpl.java:43)
at java.base/java.lang.reflect.Method.invoke(Method.java:566)
at org.testng.internal.MethodInvocationHelper.invokeMethod(MethodInvocationHelper.java:134)
at org.testng.internal.TestInvoker.invokeMethod(TestInvoker.java:597)
at org.testng.internal.TestInvoker.invokeTestMethod(TestInvoker.java:173)
at org.testng.internal.MethodRunner.runInSequence(MethodRunner.java:46)
at org.testng.internal.TestInvoker$MethodInvocationAgent.invoke(TestInvoker.java:816)
at org.testng.internal.TestInvoker.invokeTestMethods(TestInvoker.java:146)
at org.testng.internal.TestMethodWorker.invokeTestMethods(TestMethodWorker.java:146)
at org.testng.internal.TestMethodWorker.run(TestMethodWorker.java:128)
at java.base/java.util.ArrayList.forEach(ArrayList.java:1540)
at org.testng.TestRunner.privateRun(TestRunner.java:766)
at org.testng.TestRunner.run(TestRunner.java:587)
at org.testng.SuiteRunner.runTest(SuiteRunner.java:384)
at org.testng.SuiteRunner.runSequentially(SuiteRunner.java:378)
at org.testng.SuiteRunner.privateRun(SuiteRunner.java:337)
at org.testng.SuiteRunner.run(SuiteRunner.java:286)
at org.testng.SuiteRunnerWorker.runSuite(SuiteRunnerWorker.java:53)
at org.testng.SuiteRunnerWorker.run(SuiteRunnerWorker.java:96)
at org.testng.TestNG.runSuitesSequentially(TestNG.java:1187)
at org.testng.TestNG.runSuitesLocally(TestNG.java:1109)
at org.testng.TestNG.runSuites(TestNG.java:1039)
at org.testng.TestNG.run(TestNG.java:1007)
at org.testng.remote.AbstractRemoteTestNG.run(AbstractRemoteTestNG.java:115)
at org.testng.remote.RemoteTestNG.initAndRun(RemoteTestNG.java:251)
at org.testng.remote.RemoteTestNG.main(RemoteTestNG.java:77)
]]>
            </full-stacktrace>
          </exception> <!-- java.lang.IndexOutOfBoundsException -->
          <reporter-output>
          </reporter-output>
        </test-method> <!-- connectToFacebookThroughChat -->
        <test-method is-config="true" signature="afterTest()[pri:0, instance:tests.AccountTests@fa49800]" started-at="2022-05-28T18:09:49 IDT" name="afterTest" finished-at="2022-05-28T18:09:50 IDT" duration-ms="613" status="PASS">
          <reporter-output>
          </reporter-output>
        </test-method> <!-- afterTest -->
      </class> <!-- tests.AccountTests -->
      <class name="tests.PriceTableTests">
        <test-method is-config="true" signature="beforeMethod(java.lang.String)[pri:0, instance:tests.PriceTableTests@505fc5a4]" started-at="2022-05-28T18:14:08 IDT" name="beforeMethod" finished-at="2022-05-28T18:14:12 IDT" duration-ms="4496" status="PASS">
          <params>
            <param index="0">
              <value>
                <![CDATA[chrome]]>
              </value>
            </param>
          </params>
          <reporter-output>
          </reporter-output>
        </test-method> <!-- beforeMethod -->
        <test-method signature="CheckingTheAmountOfPagesBasedOnAmountOfClicks()[pri:0, instance:tests.PriceTableTests@505fc5a4]" started-at="2022-05-28T18:14:12 IDT" name="CheckingTheAmountOfPagesBasedOnAmountOfClicks" finished-at="2022-05-28T18:14:28 IDT" duration-ms="15636" status="PASS">
          <reporter-output>
          </reporter-output>
        </test-method> <!-- CheckingTheAmountOfPagesBasedOnAmountOfClicks -->
        <test-method is-config="true" signature="afterMethod()[pri:0, instance:tests.PriceTableTests@505fc5a4]" started-at="2022-05-28T18:14:28 IDT" name="afterMethod" finished-at="2022-05-28T18:14:29 IDT" duration-ms="629" status="PASS">
          <reporter-output>
          </reporter-output>
        </test-method> <!-- afterMethod -->
        <test-method is-config="true" signature="beforeMethod(java.lang.String)[pri:0, instance:tests.PriceTableTests@505fc5a4]" started-at="2022-05-28T18:14:29 IDT" name="beforeMethod" finished-at="2022-05-28T18:14:33 IDT" duration-ms="4718" status="PASS">
          <params>
            <param index="0">
              <value>
                <![CDATA[chrome]]>
              </value>
            </param>
          </params>
          <reporter-output>
          </reporter-output>
        </test-method> <!-- beforeMethod -->
        <test-method signature="checkingTheInfoOfTheTable()[pri:0, instance:tests.PriceTableTests@505fc5a4]" started-at="2022-05-28T18:14:33 IDT" name="checkingTheInfoOfTheTable" finished-at="2022-05-28T18:14:46 IDT" duration-ms="12279" status="PASS">
          <reporter-output>
          </reporter-output>
        </test-method> <!-- checkingTheInfoOfTheTable -->
        <test-method is-config="true" signature="afterMethod()[pri:0, instance:tests.PriceTableTests@505fc5a4]" started-at="2022-05-28T18:14:46 IDT" name="afterMethod" finished-at="2022-05-28T18:14:46 IDT" duration-ms="611" status="PASS">
          <reporter-output>
          </reporter-output>
        </test-method> <!-- afterMethod -->
      </class> <!-- tests.PriceTableTests -->
      <class name="tests.ButiqSparimTests">
        <test-method is-config="true" signature="beforeMethod(java.lang.String)[pri:0, instance:tests.ButiqSparimTests@71238fc2]" started-at="2022-05-28T18:09:50 IDT" name="beforeMethod" finished-at="2022-05-28T18:09:55 IDT" duration-ms="4894" status="PASS">
          <params>
            <param index="0">
              <value>
                <![CDATA[chrome]]>
              </value>
            </param>
          </params>
          <reporter-output>
          </reporter-output>
        </test-method> <!-- beforeMethod -->
        <test-method signature="checkingIfLikeButtonsAreWorking()[pri:1, instance:tests.ButiqSparimTests@71238fc2]" started-at="2022-05-28T18:09:55 IDT" name="checkingIfLikeButtonsAreWorking" finished-at="2022-05-28T18:10:21 IDT" duration-ms="26506" status="PASS">
          <reporter-output>
          </reporter-output>
        </test-method> <!-- checkingIfLikeButtonsAreWorking -->
        <test-method is-config="true" signature="afterMethod()[pri:0, instance:tests.ButiqSparimTests@71238fc2]" started-at="2022-05-28T18:10:21 IDT" name="afterMethod" finished-at="2022-05-28T18:10:21 IDT" duration-ms="0" status="PASS">
          <reporter-output>
          </reporter-output>
        </test-method> <!-- afterMethod -->
        <test-method is-config="true" signature="beforeMethod(java.lang.String)[pri:0, instance:tests.ButiqSparimTests@71238fc2]" started-at="2022-05-28T18:10:21 IDT" name="beforeMethod" finished-at="2022-05-28T18:10:26 IDT" duration-ms="4911" status="PASS">
          <params>
            <param index="0">
              <value>
                <![CDATA[chrome]]>
              </value>
            </param>
          </params>
          <reporter-output>
          </reporter-output>
        </test-method> <!-- beforeMethod -->
        <test-method signature="rightAmuontOfBooksInEachCategory()[pri:1, instance:tests.ButiqSparimTests@71238fc2]" started-at="2022-05-28T18:10:26 IDT" name="rightAmuontOfBooksInEachCategory" finished-at="2022-05-28T18:11:26 IDT" duration-ms="60039" status="PASS">
          <reporter-output>
          </reporter-output>
        </test-method> <!-- rightAmuontOfBooksInEachCategory -->
        <test-method is-config="true" signature="afterMethod()[pri:0, instance:tests.ButiqSparimTests@71238fc2]" started-at="2022-05-28T18:11:26 IDT" name="afterMethod" finished-at="2022-05-28T18:11:26 IDT" duration-ms="0" status="PASS">
          <reporter-output>
          </reporter-output>
        </test-method> <!-- afterMethod -->
      </class> <!-- tests.ButiqSparimTests -->
      <class name="tests.E2ETests">
        <test-method is-config="true" signature="beforeTest(java.lang.String)[pri:0, instance:tests.E2ETests@2a54a73f]" started-at="2022-05-28T18:11:26 IDT" name="beforeTest" finished-at="2022-05-28T18:11:31 IDT" duration-ms="4765" status="PASS">
          <params>
            <param index="0">
              <value>
                <![CDATA[chrome]]>
              </value>
            </param>
          </params>
          <reporter-output>
          </reporter-output>
        </test-method> <!-- beforeTest -->
        <test-method signature="editPics()[pri:6, instance:tests.E2ETests@2a54a73f]" started-at="2022-05-28T18:11:31 IDT" name="editPics" finished-at="2022-05-28T18:11:37 IDT" duration-ms="6031" status="PASS">
          <reporter-output>
          </reporter-output>
        </test-method> <!-- editPics -->
        <test-method is-config="true" signature="afterTest()[pri:0, instance:tests.E2ETests@2a54a73f]" started-at="2022-05-28T18:11:37 IDT" name="afterTest" finished-at="2022-05-28T18:11:38 IDT" duration-ms="1108" status="PASS">
          <reporter-output>
          </reporter-output>
        </test-method> <!-- afterTest -->
      </class> <!-- tests.E2ETests -->
      <class name="tests.UXTestsMainPage">
        <test-method is-config="true" signature="beforeMethod(java.lang.String)[pri:0, instance:tests.UXTestsMainPage@5fbdfdcf]" started-at="2022-05-28T18:14:46 IDT" name="beforeMethod" finished-at="2022-05-28T18:14:51 IDT" duration-ms="4698" status="PASS">
          <params>
            <param index="0">
              <value>
                <![CDATA[chrome]]>
              </value>
            </param>
          </params>
          <reporter-output>
          </reporter-output>
        </test-method> <!-- beforeMethod -->
        <test-method signature="UXTestLupaLogo()[pri:0, instance:tests.UXTestsMainPage@5fbdfdcf]" started-at="2022-05-28T18:14:51 IDT" name="UXTestLupaLogo" finished-at="2022-05-28T18:14:52 IDT" duration-ms="579" status="PASS">
          <reporter-output>
          </reporter-output>
        </test-method> <!-- UXTestLupaLogo -->
        <test-method is-config="true" signature="afterMethod()[pri:0, instance:tests.UXTestsMainPage@5fbdfdcf]" started-at="2022-05-28T18:14:52 IDT" name="afterMethod" finished-at="2022-05-28T18:14:52 IDT" duration-ms="621" status="PASS">
          <reporter-output>
          </reporter-output>
        </test-method> <!-- afterMethod -->
        <test-method is-config="true" signature="beforeMethod(java.lang.String)[pri:0, instance:tests.UXTestsMainPage@5fbdfdcf]" started-at="2022-05-28T18:14:52 IDT" name="beforeMethod" finished-at="2022-05-28T18:14:57 IDT" duration-ms="4844" status="PASS">
          <params>
            <param index="0">
              <value>
                <![CDATA[chrome]]>
              </value>
            </param>
          </params>
          <reporter-output>
          </reporter-output>
        </test-method> <!-- beforeMethod -->
        <test-method signature="UXTestOn2LinksFontAndColor()[pri:0, instance:tests.UXTestsMainPage@5fbdfdcf]" started-at="2022-05-28T18:14:57 IDT" name="UXTestOn2LinksFontAndColor" finished-at="2022-05-28T18:14:58 IDT" duration-ms="692" status="PASS">
          <reporter-output>
          </reporter-output>
        </test-method> <!-- UXTestOn2LinksFontAndColor -->
        <test-method is-config="true" signature="afterMethod()[pri:0, instance:tests.UXTestsMainPage@5fbdfdcf]" started-at="2022-05-28T18:14:58 IDT" name="afterMethod" finished-at="2022-05-28T18:14:58 IDT" duration-ms="610" status="PASS">
          <reporter-output>
          </reporter-output>
        </test-method> <!-- afterMethod -->
        <test-method is-config="true" signature="beforeMethod(java.lang.String)[pri:0, instance:tests.UXTestsMainPage@5fbdfdcf]" started-at="2022-05-28T18:14:58 IDT" name="beforeMethod" finished-at="2022-05-28T18:15:03 IDT" duration-ms="4794" status="PASS">
          <params>
            <param index="0">
              <value>
                <![CDATA[chrome]]>
              </value>
            </param>
          </params>
          <reporter-output>
          </reporter-output>
        </test-method> <!-- beforeMethod -->
        <test-method signature="UXTestOnDiscountAd()[pri:0, instance:tests.UXTestsMainPage@5fbdfdcf]" started-at="2022-05-28T18:15:03 IDT" name="UXTestOnDiscountAd" finished-at="2022-05-28T18:15:03 IDT" duration-ms="94" status="PASS">
          <reporter-output>
          </reporter-output>
        </test-method> <!-- UXTestOnDiscountAd -->
        <test-method is-config="true" signature="afterMethod()[pri:0, instance:tests.UXTestsMainPage@5fbdfdcf]" started-at="2022-05-28T18:15:03 IDT" name="afterMethod" finished-at="2022-05-28T18:15:04 IDT" duration-ms="606" status="PASS">
          <reporter-output>
          </reporter-output>
        </test-method> <!-- afterMethod -->
      </class> <!-- tests.UXTestsMainPage -->
    </test> <!-- TestChrome -->
    <test started-at="2022-05-28T18:15:04 IDT" name="TestEdge" finished-at="2022-05-28T18:22:09 IDT" duration-ms="424944">
      <class name="tests.LinksTests">
        <test-method is-config="true" signature="beforeMethod(java.lang.String)[pri:0, instance:tests.LinksTests@4fb3ee4e]" started-at="2022-05-28T18:19:11 IDT" name="beforeMethod" finished-at="2022-05-28T18:19:17 IDT" duration-ms="5996" status="PASS">
          <params>
            <param index="0">
              <value>
                <![CDATA[Edge]]>
              </value>
            </param>
          </params>
          <reporter-output>
          </reporter-output>
        </test-method> <!-- beforeMethod -->
        <test-method signature="LinksTestsOnMenuAlbumTmonot()[pri:0, instance:tests.LinksTests@4fb3ee4e]" started-at="2022-05-28T18:19:17 IDT" name="LinksTestsOnMenuAlbumTmonot" finished-at="2022-05-28T18:19:56 IDT" duration-ms="38885" status="FAIL">
          <exception class="java.lang.ArrayIndexOutOfBoundsException">
            <message>
              <![CDATA[Index 11 out of bounds for length 11]]>
            </message>
            <full-stacktrace>
              <![CDATA[java.lang.ArrayIndexOutOfBoundsException: Index 11 out of bounds for length 11
at tools.LinksFunctions.CheckingIfTheTestGotToTheRightURLs(LinksFunctions.java:23)
at tests.LinksTests.LinksTestsOnMenuAlbumTmonot(LinksTests.java:79)
at java.base/jdk.internal.reflect.NativeMethodAccessorImpl.invoke0(Native Method)
at java.base/jdk.internal.reflect.NativeMethodAccessorImpl.invoke(NativeMethodAccessorImpl.java:62)
at java.base/jdk.internal.reflect.DelegatingMethodAccessorImpl.invoke(DelegatingMethodAccessorImpl.java:43)
at java.base/java.lang.reflect.Method.invoke(Method.java:566)
at org.testng.internal.MethodInvocationHelper.invokeMethod(MethodInvocationHelper.java:134)
at org.testng.internal.TestInvoker.invokeMethod(TestInvoker.java:597)
at org.testng.internal.TestInvoker.invokeTestMethod(TestInvoker.java:173)
at org.testng.internal.MethodRunner.runInSequence(MethodRunner.java:46)
at org.testng.internal.TestInvoker$MethodInvocationAgent.invoke(TestInvoker.java:816)
at org.testng.internal.TestInvoker.invokeTestMethods(TestInvoker.java:146)
at org.testng.internal.TestMethodWorker.invokeTestMethods(TestMethodWorker.java:146)
at org.testng.internal.TestMethodWorker.run(TestMethodWorker.java:128)
at java.base/java.util.ArrayList.forEach(ArrayList.java:1540)
at org.testng.TestRunner.privateRun(TestRunner.java:766)
at org.testng.TestRunner.run(TestRunner.java:587)
at org.testng.SuiteRunner.runTest(SuiteRunner.java:384)
at org.testng.SuiteRunner.runSequentially(SuiteRunner.java:378)
at org.testng.SuiteRunner.privateRun(SuiteRunner.java:337)
at org.testng.SuiteRunner.run(SuiteRunner.java:286)
at org.testng.SuiteRunnerWorker.runSuite(SuiteRunnerWorker.java:53)
at org.testng.SuiteRunnerWorker.run(SuiteRunnerWorker.java:96)
at org.testng.TestNG.runSuitesSequentially(TestNG.java:1187)
at org.testng.TestNG.runSuitesLocally(TestNG.java:1109)
at org.testng.TestNG.runSuites(TestNG.java:1039)
at org.testng.TestNG.run(TestNG.java:1007)
at org.testng.remote.AbstractRemoteTestNG.run(AbstractRemoteTestNG.java:115)
at org.testng.remote.RemoteTestNG.initAndRun(RemoteTestNG.java:251)
at org.testng.remote.RemoteTestNG.main(RemoteTestNG.java:77)
]]>
            </full-stacktrace>
          </exception> <!-- java.lang.ArrayIndexOutOfBoundsException -->
          <reporter-output>
          </reporter-output>
        </test-method> <!-- LinksTestsOnMenuAlbumTmonot -->
        <test-method is-config="true" signature="afterMethod()[pri:0, instance:tests.LinksTests@4fb3ee4e]" started-at="2022-05-28T18:19:56 IDT" name="afterMethod" finished-at="2022-05-28T18:19:57 IDT" duration-ms="777" status="PASS">
          <reporter-output>
          </reporter-output>
        </test-method> <!-- afterMethod -->
        <test-method is-config="true" signature="beforeMethod(java.lang.String)[pri:0, instance:tests.LinksTests@4fb3ee4e]" started-at="2022-05-28T18:19:57 IDT" name="beforeMethod" finished-at="2022-05-28T18:20:03 IDT" duration-ms="6581" status="PASS">
          <params>
            <param index="0">
              <value>
                <![CDATA[Edge]]>
              </value>
            </param>
          </params>
          <reporter-output>
          </reporter-output>
        </test-method> <!-- beforeMethod -->
        <test-method signature="LinksTetsMenuBottomOfThePage()[pri:0, instance:tests.LinksTests@4fb3ee4e]" started-at="2022-05-28T18:20:03 IDT" name="LinksTetsMenuBottomOfThePage" finished-at="2022-05-28T18:21:03 IDT" duration-ms="60014" status="PASS">
          <reporter-output>
          </reporter-output>
        </test-method> <!-- LinksTetsMenuBottomOfThePage -->
        <test-method is-config="true" signature="afterMethod()[pri:0, instance:tests.LinksTests@4fb3ee4e]" started-at="2022-05-28T18:21:03 IDT" name="afterMethod" finished-at="2022-05-28T18:21:04 IDT" duration-ms="795" status="PASS">
          <reporter-output>
          </reporter-output>
        </test-method> <!-- afterMethod -->
      </class> <!-- tests.LinksTests -->
      <class name="tests.FormsTests">
        <test-method is-config="true" signature="beforeMethod(java.lang.String)[pri:0, instance:tests.FormsTests@f5acb9d]" started-at="2022-05-28T18:18:19 IDT" name="beforeMethod" finished-at="2022-05-28T18:18:25 IDT" duration-ms="6424" status="PASS">
          <params>
            <param index="0">
              <value>
                <![CDATA[Edge]]>
              </value>
            </param>
          </params>
          <reporter-output>
          </reporter-output>
        </test-method> <!-- beforeMethod -->
        <test-method signature="errorMessagesContactMeForm()[pri:0, instance:tests.FormsTests@f5acb9d]" started-at="2022-05-28T18:18:25 IDT" name="errorMessagesContactMeForm" finished-at="2022-05-28T18:18:31 IDT" duration-ms="5833" status="PASS">
          <reporter-output>
          </reporter-output>
        </test-method> <!-- errorMessagesContactMeForm -->
        <test-method is-config="true" signature="afterMethod()[pri:0, instance:tests.FormsTests@f5acb9d]" started-at="2022-05-28T18:18:31 IDT" name="afterMethod" finished-at="2022-05-28T18:18:32 IDT" duration-ms="670" status="PASS">
          <reporter-output>
          </reporter-output>
        </test-method> <!-- afterMethod -->
        <test-method is-config="true" signature="beforeMethod(java.lang.String)[pri:0, instance:tests.FormsTests@f5acb9d]" started-at="2022-05-28T18:18:32 IDT" name="beforeMethod" finished-at="2022-05-28T18:18:38 IDT" duration-ms="6530" status="PASS">
          <params>
            <param index="0">
              <value>
                <![CDATA[Edge]]>
              </value>
            </param>
          </params>
          <reporter-output>
          </reporter-output>
        </test-method> <!-- beforeMethod -->
        <test-method signature="errorMessagesLetTalkAboutItForm()[pri:0, instance:tests.FormsTests@f5acb9d]" started-at="2022-05-28T18:18:38 IDT" name="errorMessagesLetTalkAboutItForm" finished-at="2022-05-28T18:18:45 IDT" duration-ms="6982" status="PASS">
          <reporter-output>
          </reporter-output>
        </test-method> <!-- errorMessagesLetTalkAboutItForm -->
        <test-method is-config="true" signature="afterMethod()[pri:0, instance:tests.FormsTests@f5acb9d]" started-at="2022-05-28T18:18:45 IDT" name="afterMethod" finished-at="2022-05-28T18:18:46 IDT" duration-ms="721" status="PASS">
          <reporter-output>
          </reporter-output>
        </test-method> <!-- afterMethod -->
        <test-method is-config="true" signature="beforeMethod(java.lang.String)[pri:0, instance:tests.FormsTests@f5acb9d]" started-at="2022-05-28T18:18:46 IDT" name="beforeMethod" finished-at="2022-05-28T18:18:53 IDT" duration-ms="6551" status="PASS">
          <params>
            <param index="0">
              <value>
                <![CDATA[Edge]]>
              </value>
            </param>
          </params>
          <reporter-output>
          </reporter-output>
        </test-method> <!-- beforeMethod -->
        <test-method signature="errorMessagesOnFormSendEmail()[pri:0, instance:tests.FormsTests@f5acb9d]" started-at="2022-05-28T18:18:53 IDT" name="errorMessagesOnFormSendEmail" finished-at="2022-05-28T18:18:56 IDT" duration-ms="3029" status="FAIL">
          <exception class="org.openqa.selenium.NoSuchElementException">
            <message>
              <![CDATA[no such element: Unable to locate element: {"method":"link text","selector":"יאללה למייל"}
  (Session info: MicrosoftEdge=101.0.1210.53)
For documentation on this error, please visit: https://selenium.dev/exceptions/#no_such_element
Build info: version: '4.0.0', revision: '3a21814679'
System info: host: 'DESKTOP-JIL93TC', ip: '192.168.1.15', os.name: 'Windows 10', os.arch: 'amd64', os.version: '10.0', java.version: '11.0.3'
Driver info: org.openqa.selenium.edge.EdgeDriver
Command: [ab16ff69085ae30d8afb2abd41765964, findElement {using=link text, value=יאללה למייל}]
Capabilities {acceptInsecureCerts: false, browserName: msedge, browserVersion: 101.0.1210.53, javascriptEnabled: true, ms:edgeOptions: {debuggerAddress: localhost:58881}, msedge: {msedgedriverVersion: 101.0.1210.53 (019dbf6dd738..., userDataDir: C:\Users\yakov\AppData\Loca...}, networkConnectionEnabled: false, pageLoadStrategy: normal, platform: WINDOWS, platformName: WINDOWS, proxy: Proxy(), se:cdp: ws://localhost:58881/devtoo..., se:cdpVersion: 101.0.1210.53, setWindowRect: true, strictFileInteractability: false, timeouts: {implicit: 0, pageLoad: 300000, script: 30000}, unhandledPromptBehavior: dismiss and notify, webauthn:extension:credBlob: true, webauthn:extension:largeBlob: true, webauthn:virtualAuthenticators: true}
Session ID: ab16ff69085ae30d8afb2abd41765964]]>
            </message>
            <full-stacktrace>
              <![CDATA[org.openqa.selenium.NoSuchElementException: no such element: Unable to locate element: {"method":"link text","selector":"יאללה למייל"}
  (Session info: MicrosoftEdge=101.0.1210.53)
For documentation on this error, please visit: https://selenium.dev/exceptions/#no_such_element
Build info: version: '4.0.0', revision: '3a21814679'
System info: host: 'DESKTOP-JIL93TC', ip: '192.168.1.15', os.name: 'Windows 10', os.arch: 'amd64', os.version: '10.0', java.version: '11.0.3'
Driver info: org.openqa.selenium.edge.EdgeDriver
Command: [ab16ff69085ae30d8afb2abd41765964, findElement {using=link text, value=יאללה למייל}]
Capabilities {acceptInsecureCerts: false, browserName: msedge, browserVersion: 101.0.1210.53, javascriptEnabled: true, ms:edgeOptions: {debuggerAddress: localhost:58881}, msedge: {msedgedriverVersion: 101.0.1210.53 (019dbf6dd738..., userDataDir: C:\Users\yakov\AppData\Loca...}, networkConnectionEnabled: false, pageLoadStrategy: normal, platform: WINDOWS, platformName: WINDOWS, proxy: Proxy(), se:cdp: ws://localhost:58881/devtoo..., se:cdpVersion: 101.0.1210.53, setWindowRect: true, strictFileInteractability: false, timeouts: {implicit: 0, pageLoad: 300000, script: 30000}, unhandledPromptBehavior: dismiss and notify, webauthn:extension:credBlob: true, webauthn:extension:largeBlob: true, webauthn:virtualAuthenticators: true}
Session ID: ab16ff69085ae30d8afb2abd41765964
at java.base/jdk.internal.reflect.NativeConstructorAccessorImpl.newInstance0(Native Method)
at java.base/jdk.internal.reflect.NativeConstructorAccessorImpl.newInstance(NativeConstructorAccessorImpl.java:62)
at java.base/jdk.internal.reflect.DelegatingConstructorAccessorImpl.newInstance(DelegatingConstructorAccessorImpl.java:45)
at java.base/java.lang.reflect.Constructor.newInstance(Constructor.java:490)
at org.openqa.selenium.remote.codec.w3c.W3CHttpResponseCodec.createException(W3CHttpResponseCodec.java:200)
at org.openqa.selenium.remote.codec.w3c.W3CHttpResponseCodec.decode(W3CHttpResponseCodec.java:133)
at org.openqa.selenium.remote.codec.w3c.W3CHttpResponseCodec.decode(W3CHttpResponseCodec.java:53)
at org.openqa.selenium.remote.HttpCommandExecutor.execute(HttpCommandExecutor.java:184)
at org.openqa.selenium.remote.service.DriverCommandExecutor.invokeExecute(DriverCommandExecutor.java:164)
at org.openqa.selenium.remote.service.DriverCommandExecutor.execute(DriverCommandExecutor.java:139)
at org.openqa.selenium.remote.RemoteWebDriver.execute(RemoteWebDriver.java:559)
at org.openqa.selenium.remote.ElementLocation$ElementFinder$2.findElement(ElementLocation.java:162)
at org.openqa.selenium.remote.ElementLocation.findElement(ElementLocation.java:60)
at org.openqa.selenium.remote.RemoteWebDriver.findElement(RemoteWebDriver.java:383)
at org.openqa.selenium.remote.RemoteWebDriver.findElement(RemoteWebDriver.java:375)
at tests.FormsTests.openTheSendEmailForm(FormsTests.java:131)
at tests.FormsTests.errorMessagesOnFormSendEmail(FormsTests.java:109)
at java.base/jdk.internal.reflect.NativeMethodAccessorImpl.invoke0(Native Method)
at java.base/jdk.internal.reflect.NativeMethodAccessorImpl.invoke(NativeMethodAccessorImpl.java:62)
at java.base/jdk.internal.reflect.DelegatingMethodAccessorImpl.invoke(DelegatingMethodAccessorImpl.java:43)
at java.base/java.lang.reflect.Method.invoke(Method.java:566)
at org.testng.internal.MethodInvocationHelper.invokeMethod(MethodInvocationHelper.java:134)
at org.testng.internal.TestInvoker.invokeMethod(TestInvoker.java:597)
at org.testng.internal.TestInvoker.invokeTestMethod(TestInvoker.java:173)
at org.testng.internal.MethodRunner.runInSequence(MethodRunner.java:46)
at org.testng.internal.TestInvoker$MethodInvocationAgent.invoke(TestInvoker.java:816)
at org.testng.internal.TestInvoker.invokeTestMethods(TestInvoker.java:146)
at org.testng.internal.TestMethodWorker.invokeTestMethods(TestMethodWorker.java:146)
at org.testng.internal.TestMethodWorker.run(TestMethodWorker.java:128)
at java.base/java.util.ArrayList.forEach(ArrayList.java:1540)
at org.testng.TestRunner.privateRun(TestRunner.java:766)
at org.testng.TestRunner.run(TestRunner.java:587)
at org.testng.SuiteRunner.runTest(SuiteRunner.java:384)
at org.testng.SuiteRunner.runSequentially(SuiteRunner.java:378)
at org.testng.SuiteRunner.privateRun(SuiteRunner.java:337)
at org.testng.SuiteRunner.run(SuiteRunner.java:286)
at org.testng.SuiteRunnerWorker.runSuite(SuiteRunnerWorker.java:53)
at org.testng.SuiteRunnerWorker.run(SuiteRunnerWorker.java:96)
at org.testng.TestNG.runSuitesSequentially(TestNG.java:1187)
at org.testng.TestNG.runSuitesLocally(TestNG.java:1109)
at org.testng.TestNG.runSuites(TestNG.java:1039)
at org.testng.TestNG.run(TestNG.java:1007)
at org.testng.remote.AbstractRemoteTestNG.run(AbstractRemoteTestNG.java:115)
at org.testng.remote.RemoteTestNG.initAndRun(RemoteTestNG.java:251)
at org.testng.remote.RemoteTestNG.main(RemoteTestNG.java:77)
]]>
            </full-stacktrace>
          </exception> <!-- org.openqa.selenium.NoSuchElementException -->
          <reporter-output>
          </reporter-output>
        </test-method> <!-- errorMessagesOnFormSendEmail -->
        <test-method is-config="true" signature="afterMethod()[pri:0, instance:tests.FormsTests@f5acb9d]" started-at="2022-05-28T18:18:56 IDT" name="afterMethod" finished-at="2022-05-28T18:18:56 IDT" duration-ms="692" status="PASS">
          <reporter-output>
          </reporter-output>
        </test-method> <!-- afterMethod -->
        <test-method is-config="true" signature="beforeMethod(java.lang.String)[pri:0, instance:tests.FormsTests@f5acb9d]" started-at="2022-05-28T18:18:56 IDT" name="beforeMethod" finished-at="2022-05-28T18:19:02 IDT" duration-ms="6059" status="PASS">
          <params>
            <param index="0">
              <value>
                <![CDATA[Edge]]>
              </value>
            </param>
          </params>
          <reporter-output>
          </reporter-output>
        </test-method> <!-- beforeMethod -->
        <test-method signature="followOrderFormErrorMessages()[pri:0, instance:tests.FormsTests@f5acb9d]" started-at="2022-05-28T18:19:02 IDT" name="followOrderFormErrorMessages" finished-at="2022-05-28T18:19:11 IDT" duration-ms="8109" status="PASS">
          <reporter-output>
          </reporter-output>
        </test-method> <!-- followOrderFormErrorMessages -->
        <test-method is-config="true" signature="afterMethod()[pri:0, instance:tests.FormsTests@f5acb9d]" started-at="2022-05-28T18:19:11 IDT" name="afterMethod" finished-at="2022-05-28T18:19:11 IDT" duration-ms="693" status="PASS">
          <reporter-output>
          </reporter-output>
        </test-method> <!-- afterMethod -->
      </class> <!-- tests.FormsTests -->
      <class name="tests.AccountTests">
        <test-method is-config="true" signature="beforeTest(java.lang.String)[pri:0, instance:tests.AccountTests@618425b5]" started-at="2022-05-28T18:15:04 IDT" name="beforeTest" finished-at="2022-05-28T18:15:10 IDT" duration-ms="5965" status="PASS">
          <params>
            <param index="0">
              <value>
                <![CDATA[Edge]]>
              </value>
            </param>
          </params>
          <reporter-output>
          </reporter-output>
        </test-method> <!-- beforeTest -->
        <test-method signature="CheckingSearchResultsFromChat()[pri:0, instance:tests.AccountTests@618425b5]" started-at="2022-05-28T18:15:10 IDT" name="CheckingSearchResultsFromChat" finished-at="2022-05-28T18:15:24 IDT" duration-ms="14528" status="PASS">
          <reporter-output>
          </reporter-output>
        </test-method> <!-- CheckingSearchResultsFromChat -->
        <test-method is-config="true" signature="afterTest()[pri:0, instance:tests.AccountTests@618425b5]" started-at="2022-05-28T18:15:24 IDT" name="afterTest" finished-at="2022-05-28T18:15:25 IDT" duration-ms="686" status="PASS">
          <reporter-output>
          </reporter-output>
        </test-method> <!-- afterTest -->
        <test-method is-config="true" signature="beforeTest(java.lang.String)[pri:0, instance:tests.AccountTests@618425b5]" started-at="2022-05-28T18:15:25 IDT" name="beforeTest" finished-at="2022-05-28T18:15:30 IDT" duration-ms="4722" status="PASS">
          <params>
            <param index="0">
              <value>
                <![CDATA[Edge]]>
              </value>
            </param>
          </params>
          <reporter-output>
          </reporter-output>
        </test-method> <!-- beforeTest -->
        <test-method signature="CreatAcoountErrorMessages()[pri:0, instance:tests.AccountTests@618425b5]" started-at="2022-05-28T18:15:30 IDT" name="CreatAcoountErrorMessages" finished-at="2022-05-28T18:15:38 IDT" duration-ms="7794" status="PASS">
          <reporter-output>
          </reporter-output>
        </test-method> <!-- CreatAcoountErrorMessages -->
        <test-method is-config="true" signature="afterTest()[pri:0, instance:tests.AccountTests@618425b5]" started-at="2022-05-28T18:15:38 IDT" name="afterTest" finished-at="2022-05-28T18:15:38 IDT" duration-ms="711" status="PASS">
          <reporter-output>
          </reporter-output>
        </test-method> <!-- afterTest -->
        <test-method is-config="true" signature="beforeTest(java.lang.String)[pri:0, instance:tests.AccountTests@618425b5]" started-at="2022-05-28T18:15:38 IDT" name="beforeTest" finished-at="2022-05-28T18:15:43 IDT" duration-ms="4809" status="PASS">
          <params>
            <param index="0">
              <value>
                <![CDATA[Edge]]>
              </value>
            </param>
          </params>
          <reporter-output>
          </reporter-output>
        </test-method> <!-- beforeTest -->
        <test-method signature="CrudTestPersonalDetails()[pri:0, instance:tests.AccountTests@618425b5]" started-at="2022-05-28T18:15:43 IDT" name="CrudTestPersonalDetails" finished-at="2022-05-28T18:15:58 IDT" duration-ms="14603" status="PASS">
          <reporter-output>
          </reporter-output>
        </test-method> <!-- CrudTestPersonalDetails -->
        <test-method is-config="true" signature="afterTest()[pri:0, instance:tests.AccountTests@618425b5]" started-at="2022-05-28T18:15:58 IDT" name="afterTest" finished-at="2022-05-28T18:15:58 IDT" duration-ms="744" status="PASS">
          <reporter-output>
          </reporter-output>
        </test-method> <!-- afterTest -->
        <test-method is-config="true" signature="beforeTest(java.lang.String)[pri:0, instance:tests.AccountTests@618425b5]" started-at="2022-05-28T18:15:58 IDT" name="beforeTest" finished-at="2022-05-28T18:16:03 IDT" duration-ms="4896" status="PASS">
          <params>
            <param index="0">
              <value>
                <![CDATA[Edge]]>
              </value>
            </param>
          </params>
          <reporter-output>
          </reporter-output>
        </test-method> <!-- beforeTest -->
        <test-method signature="LogInwithFacebookToLupa()[pri:0, instance:tests.AccountTests@618425b5]" started-at="2022-05-28T18:16:03 IDT" name="LogInwithFacebookToLupa" finished-at="2022-05-28T18:16:20 IDT" duration-ms="16482" status="PASS">
          <reporter-output>
          </reporter-output>
        </test-method> <!-- LogInwithFacebookToLupa -->
        <test-method is-config="true" signature="afterTest()[pri:0, instance:tests.AccountTests@618425b5]" started-at="2022-05-28T18:16:20 IDT" name="afterTest" finished-at="2022-05-28T18:16:21 IDT" duration-ms="721" status="PASS">
          <reporter-output>
          </reporter-output>
        </test-method> <!-- afterTest -->
        <test-method is-config="true" signature="beforeTest(java.lang.String)[pri:0, instance:tests.AccountTests@618425b5]" started-at="2022-05-28T18:16:21 IDT" name="beforeTest" finished-at="2022-05-28T18:16:26 IDT" duration-ms="4947" status="PASS">
          <params>
            <param index="0">
              <value>
                <![CDATA[Edge]]>
              </value>
            </param>
          </params>
          <reporter-output>
          </reporter-output>
        </test-method> <!-- beforeTest -->
        <test-method signature="connectToFacebookThroughChat()[pri:0, instance:tests.AccountTests@618425b5]" started-at="2022-05-28T18:16:26 IDT" name="connectToFacebookThroughChat" finished-at="2022-05-28T18:16:28 IDT" duration-ms="2238" status="FAIL">
          <exception class="java.lang.IndexOutOfBoundsException">
            <message>
              <![CDATA[Index 1 out of bounds for length 1]]>
            </message>
            <full-stacktrace>
              <![CDATA[java.lang.IndexOutOfBoundsException: Index 1 out of bounds for length 1
at java.base/jdk.internal.util.Preconditions.outOfBounds(Preconditions.java:64)
at java.base/jdk.internal.util.Preconditions.outOfBoundsCheckIndex(Preconditions.java:70)
at java.base/jdk.internal.util.Preconditions.checkIndex(Preconditions.java:248)
at java.base/java.util.Objects.checkIndex(Objects.java:372)
at java.base/java.util.ArrayList.get(ArrayList.java:458)
at tests.AccountTests.switchToTheMainFrameAndswitchToTabNub2(AccountTests.java:358)
at tests.AccountTests.connectToFacebookThroughChat(AccountTests.java:324)
at java.base/jdk.internal.reflect.NativeMethodAccessorImpl.invoke0(Native Method)
at java.base/jdk.internal.reflect.NativeMethodAccessorImpl.invoke(NativeMethodAccessorImpl.java:62)
at java.base/jdk.internal.reflect.DelegatingMethodAccessorImpl.invoke(DelegatingMethodAccessorImpl.java:43)
at java.base/java.lang.reflect.Method.invoke(Method.java:566)
at org.testng.internal.MethodInvocationHelper.invokeMethod(MethodInvocationHelper.java:134)
at org.testng.internal.TestInvoker.invokeMethod(TestInvoker.java:597)
at org.testng.internal.TestInvoker.invokeTestMethod(TestInvoker.java:173)
at org.testng.internal.MethodRunner.runInSequence(MethodRunner.java:46)
at org.testng.internal.TestInvoker$MethodInvocationAgent.invoke(TestInvoker.java:816)
at org.testng.internal.TestInvoker.invokeTestMethods(TestInvoker.java:146)
at org.testng.internal.TestMethodWorker.invokeTestMethods(TestMethodWorker.java:146)
at org.testng.internal.TestMethodWorker.run(TestMethodWorker.java:128)
at java.base/java.util.ArrayList.forEach(ArrayList.java:1540)
at org.testng.TestRunner.privateRun(TestRunner.java:766)
at org.testng.TestRunner.run(TestRunner.java:587)
at org.testng.SuiteRunner.runTest(SuiteRunner.java:384)
at org.testng.SuiteRunner.runSequentially(SuiteRunner.java:378)
at org.testng.SuiteRunner.privateRun(SuiteRunner.java:337)
at org.testng.SuiteRunner.run(SuiteRunner.java:286)
at org.testng.SuiteRunnerWorker.runSuite(SuiteRunnerWorker.java:53)
at org.testng.SuiteRunnerWorker.run(SuiteRunnerWorker.java:96)
at org.testng.TestNG.runSuitesSequentially(TestNG.java:1187)
at org.testng.TestNG.runSuitesLocally(TestNG.java:1109)
at org.testng.TestNG.runSuites(TestNG.java:1039)
at org.testng.TestNG.run(TestNG.java:1007)
at org.testng.remote.AbstractRemoteTestNG.run(AbstractRemoteTestNG.java:115)
at org.testng.remote.RemoteTestNG.initAndRun(RemoteTestNG.java:251)
at org.testng.remote.RemoteTestNG.main(RemoteTestNG.java:77)
]]>
            </full-stacktrace>
          </exception> <!-- java.lang.IndexOutOfBoundsException -->
          <reporter-output>
          </reporter-output>
        </test-method> <!-- connectToFacebookThroughChat -->
        <test-method is-config="true" signature="afterTest()[pri:0, instance:tests.AccountTests@618425b5]" started-at="2022-05-28T18:16:28 IDT" name="afterTest" finished-at="2022-05-28T18:16:28 IDT" duration-ms="654" status="PASS">
          <reporter-output>
          </reporter-output>
        </test-method> <!-- afterTest -->
      </class> <!-- tests.AccountTests -->
      <class name="tests.PriceTableTests">
        <test-method is-config="true" signature="beforeMethod(java.lang.String)[pri:0, instance:tests.PriceTableTests@5d7148e2]" started-at="2022-05-28T18:21:04 IDT" name="beforeMethod" finished-at="2022-05-28T18:21:10 IDT" duration-ms="6113" status="PASS">
          <params>
            <param index="0">
              <value>
                <![CDATA[Edge]]>
              </value>
            </param>
          </params>
          <reporter-output>
          </reporter-output>
        </test-method> <!-- beforeMethod -->
        <test-method signature="CheckingTheAmountOfPagesBasedOnAmountOfClicks()[pri:0, instance:tests.PriceTableTests@5d7148e2]" started-at="2022-05-28T18:21:10 IDT" name="CheckingTheAmountOfPagesBasedOnAmountOfClicks" finished-at="2022-05-28T18:21:26 IDT" duration-ms="15853" status="PASS">
          <reporter-output>
          </reporter-output>
        </test-method> <!-- CheckingTheAmountOfPagesBasedOnAmountOfClicks -->
        <test-method is-config="true" signature="afterMethod()[pri:0, instance:tests.PriceTableTests@5d7148e2]" started-at="2022-05-28T18:21:26 IDT" name="afterMethod" finished-at="2022-05-28T18:21:27 IDT" duration-ms="729" status="PASS">
          <reporter-output>
          </reporter-output>
        </test-method> <!-- afterMethod -->
        <test-method is-config="true" signature="beforeMethod(java.lang.String)[pri:0, instance:tests.PriceTableTests@5d7148e2]" started-at="2022-05-28T18:21:27 IDT" name="beforeMethod" finished-at="2022-05-28T18:21:34 IDT" duration-ms="6628" status="PASS">
          <params>
            <param index="0">
              <value>
                <![CDATA[Edge]]>
              </value>
            </param>
          </params>
          <reporter-output>
          </reporter-output>
        </test-method> <!-- beforeMethod -->
        <test-method signature="checkingTheInfoOfTheTable()[pri:0, instance:tests.PriceTableTests@5d7148e2]" started-at="2022-05-28T18:21:34 IDT" name="checkingTheInfoOfTheTable" finished-at="2022-05-28T18:21:46 IDT" duration-ms="12369" status="PASS">
          <reporter-output>
          </reporter-output>
        </test-method> <!-- checkingTheInfoOfTheTable -->
        <test-method is-config="true" signature="afterMethod()[pri:0, instance:tests.PriceTableTests@5d7148e2]" started-at="2022-05-28T18:21:46 IDT" name="afterMethod" finished-at="2022-05-28T18:21:47 IDT" duration-ms="726" status="PASS">
          <reporter-output>
          </reporter-output>
        </test-method> <!-- afterMethod -->
      </class> <!-- tests.PriceTableTests -->
      <class name="tests.E2ETests">
        <test-method is-config="true" signature="beforeTest(java.lang.String)[pri:0, instance:tests.E2ETests@543588e6]" started-at="2022-05-28T18:18:06 IDT" name="beforeTest" finished-at="2022-05-28T18:18:12 IDT" duration-ms="6021" status="PASS">
          <params>
            <param index="0">
              <value>
                <![CDATA[Edge]]>
              </value>
            </param>
          </params>
          <reporter-output>
          </reporter-output>
        </test-method> <!-- beforeTest -->
        <test-method signature="editPics()[pri:6, instance:tests.E2ETests@543588e6]" started-at="2022-05-28T18:18:12 IDT" name="editPics" finished-at="2022-05-28T18:18:18 IDT" duration-ms="5947" status="PASS">
          <reporter-output>
          </reporter-output>
        </test-method> <!-- editPics -->
        <test-method is-config="true" signature="afterTest()[pri:0, instance:tests.E2ETests@543588e6]" started-at="2022-05-28T18:18:18 IDT" name="afterTest" finished-at="2022-05-28T18:18:19 IDT" duration-ms="695" status="PASS">
          <reporter-output>
          </reporter-output>
        </test-method> <!-- afterTest -->
      </class> <!-- tests.E2ETests -->
      <class name="tests.ButiqSparimTests">
        <test-method is-config="true" signature="beforeMethod(java.lang.String)[pri:0, instance:tests.ButiqSparimTests@58695725]" started-at="2022-05-28T18:16:28 IDT" name="beforeMethod" finished-at="2022-05-28T18:16:34 IDT" duration-ms="5071" status="PASS">
          <params>
            <param index="0">
              <value>
                <![CDATA[Edge]]>
              </value>
            </param>
          </params>
          <reporter-output>
          </reporter-output>
        </test-method> <!-- beforeMethod -->
        <test-method signature="checkingIfLikeButtonsAreWorking()[pri:1, instance:tests.ButiqSparimTests@58695725]" started-at="2022-05-28T18:16:34 IDT" name="checkingIfLikeButtonsAreWorking" finished-at="2022-05-28T18:17:00 IDT" duration-ms="26476" status="PASS">
          <reporter-output>
          </reporter-output>
        </test-method> <!-- checkingIfLikeButtonsAreWorking -->
        <test-method is-config="true" signature="afterMethod()[pri:0, instance:tests.ButiqSparimTests@58695725]" started-at="2022-05-28T18:17:00 IDT" name="afterMethod" finished-at="2022-05-28T18:17:00 IDT" duration-ms="0" status="PASS">
          <reporter-output>
          </reporter-output>
        </test-method> <!-- afterMethod -->
        <test-method is-config="true" signature="beforeMethod(java.lang.String)[pri:0, instance:tests.ButiqSparimTests@58695725]" started-at="2022-05-28T18:17:00 IDT" name="beforeMethod" finished-at="2022-05-28T18:17:07 IDT" duration-ms="6532" status="PASS">
          <params>
            <param index="0">
              <value>
                <![CDATA[Edge]]>
              </value>
            </param>
          </params>
          <reporter-output>
          </reporter-output>
        </test-method> <!-- beforeMethod -->
        <test-method signature="rightAmuontOfBooksInEachCategory()[pri:1, instance:tests.ButiqSparimTests@58695725]" started-at="2022-05-28T18:17:07 IDT" name="rightAmuontOfBooksInEachCategory" finished-at="2022-05-28T18:18:06 IDT" duration-ms="59723" status="PASS">
          <reporter-output>
          </reporter-output>
        </test-method> <!-- rightAmuontOfBooksInEachCategory -->
        <test-method is-config="true" signature="afterMethod()[pri:0, instance:tests.ButiqSparimTests@58695725]" started-at="2022-05-28T18:18:06 IDT" name="afterMethod" finished-at="2022-05-28T18:18:06 IDT" duration-ms="0" status="PASS">
          <reporter-output>
          </reporter-output>
        </test-method> <!-- afterMethod -->
      </class> <!-- tests.ButiqSparimTests -->
      <class name="tests.UXTestsMainPage">
        <test-method is-config="true" signature="beforeMethod(java.lang.String)[pri:0, instance:tests.UXTestsMainPage@25fb8912]" started-at="2022-05-28T18:21:47 IDT" name="beforeMethod" finished-at="2022-05-28T18:21:52 IDT" duration-ms="5760" status="PASS">
          <params>
            <param index="0">
              <value>
                <![CDATA[Edge]]>
              </value>
            </param>
          </params>
          <reporter-output>
          </reporter-output>
        </test-method> <!-- beforeMethod -->
        <test-method signature="UXTestLupaLogo()[pri:0, instance:tests.UXTestsMainPage@25fb8912]" started-at="2022-05-28T18:21:52 IDT" name="UXTestLupaLogo" finished-at="2022-05-28T18:21:53 IDT" duration-ms="574" status="PASS">
          <reporter-output>
          </reporter-output>
        </test-method> <!-- UXTestLupaLogo -->
        <test-method is-config="true" signature="afterMethod()[pri:0, instance:tests.UXTestsMainPage@25fb8912]" started-at="2022-05-28T18:21:53 IDT" name="afterMethod" finished-at="2022-05-28T18:21:54 IDT" duration-ms="685" status="PASS">
          <reporter-output>
          </reporter-output>
        </test-method> <!-- afterMethod -->
        <test-method is-config="true" signature="beforeMethod(java.lang.String)[pri:0, instance:tests.UXTestsMainPage@25fb8912]" started-at="2022-05-28T18:21:54 IDT" name="beforeMethod" finished-at="2022-05-28T18:22:00 IDT" duration-ms="6432" status="PASS">
          <params>
            <param index="0">
              <value>
                <![CDATA[Edge]]>
              </value>
            </param>
          </params>
          <reporter-output>
          </reporter-output>
        </test-method> <!-- beforeMethod -->
        <test-method signature="UXTestOn2LinksFontAndColor()[pri:0, instance:tests.UXTestsMainPage@25fb8912]" started-at="2022-05-28T18:22:00 IDT" name="UXTestOn2LinksFontAndColor" finished-at="2022-05-28T18:22:01 IDT" duration-ms="688" status="FAIL">
          <exception class="java.lang.ArrayIndexOutOfBoundsException">
            <message>
              <![CDATA[Index 4 out of bounds for length 4]]>
            </message>
            <full-stacktrace>
              <![CDATA[java.lang.ArrayIndexOutOfBoundsException: Index 4 out of bounds for length 4
at tools.UXFunctions.checkingFontAndColorOf2Links(UXFunctions.java:40)
at tests.UXTestsMainPage.UXTestOn2LinksFontAndColor(UXTestsMainPage.java:112)
at java.base/jdk.internal.reflect.NativeMethodAccessorImpl.invoke0(Native Method)
at java.base/jdk.internal.reflect.NativeMethodAccessorImpl.invoke(NativeMethodAccessorImpl.java:62)
at java.base/jdk.internal.reflect.DelegatingMethodAccessorImpl.invoke(DelegatingMethodAccessorImpl.java:43)
at java.base/java.lang.reflect.Method.invoke(Method.java:566)
at org.testng.internal.MethodInvocationHelper.invokeMethod(MethodInvocationHelper.java:134)
at org.testng.internal.TestInvoker.invokeMethod(TestInvoker.java:597)
at org.testng.internal.TestInvoker.invokeTestMethod(TestInvoker.java:173)
at org.testng.internal.MethodRunner.runInSequence(MethodRunner.java:46)
at org.testng.internal.TestInvoker$MethodInvocationAgent.invoke(TestInvoker.java:816)
at org.testng.internal.TestInvoker.invokeTestMethods(TestInvoker.java:146)
at org.testng.internal.TestMethodWorker.invokeTestMethods(TestMethodWorker.java:146)
at org.testng.internal.TestMethodWorker.run(TestMethodWorker.java:128)
at java.base/java.util.ArrayList.forEach(ArrayList.java:1540)
at org.testng.TestRunner.privateRun(TestRunner.java:766)
at org.testng.TestRunner.run(TestRunner.java:587)
at org.testng.SuiteRunner.runTest(SuiteRunner.java:384)
at org.testng.SuiteRunner.runSequentially(SuiteRunner.java:378)
at org.testng.SuiteRunner.privateRun(SuiteRunner.java:337)
at org.testng.SuiteRunner.run(SuiteRunner.java:286)
at org.testng.SuiteRunnerWorker.runSuite(SuiteRunnerWorker.java:53)
at org.testng.SuiteRunnerWorker.run(SuiteRunnerWorker.java:96)
at org.testng.TestNG.runSuitesSequentially(TestNG.java:1187)
at org.testng.TestNG.runSuitesLocally(TestNG.java:1109)
at org.testng.TestNG.runSuites(TestNG.java:1039)
at org.testng.TestNG.run(TestNG.java:1007)
at org.testng.remote.AbstractRemoteTestNG.run(AbstractRemoteTestNG.java:115)
at org.testng.remote.RemoteTestNG.initAndRun(RemoteTestNG.java:251)
at org.testng.remote.RemoteTestNG.main(RemoteTestNG.java:77)
]]>
            </full-stacktrace>
          </exception> <!-- java.lang.ArrayIndexOutOfBoundsException -->
          <reporter-output>
          </reporter-output>
        </test-method> <!-- UXTestOn2LinksFontAndColor -->
        <test-method is-config="true" signature="afterMethod()[pri:0, instance:tests.UXTestsMainPage@25fb8912]" started-at="2022-05-28T18:22:01 IDT" name="afterMethod" finished-at="2022-05-28T18:22:01 IDT" duration-ms="668" status="PASS">
          <reporter-output>
          </reporter-output>
        </test-method> <!-- afterMethod -->
        <test-method is-config="true" signature="beforeMethod(java.lang.String)[pri:0, instance:tests.UXTestsMainPage@25fb8912]" started-at="2022-05-28T18:22:01 IDT" name="beforeMethod" finished-at="2022-05-28T18:22:08 IDT" duration-ms="6627" status="PASS">
          <params>
            <param index="0">
              <value>
                <![CDATA[Edge]]>
              </value>
            </param>
          </params>
          <reporter-output>
          </reporter-output>
        </test-method> <!-- beforeMethod -->
        <test-method signature="UXTestOnDiscountAd()[pri:0, instance:tests.UXTestsMainPage@25fb8912]" started-at="2022-05-28T18:22:08 IDT" name="UXTestOnDiscountAd" finished-at="2022-05-28T18:22:08 IDT" duration-ms="73" status="PASS">
          <reporter-output>
          </reporter-output>
        </test-method> <!-- UXTestOnDiscountAd -->
        <test-method is-config="true" signature="afterMethod()[pri:0, instance:tests.UXTestsMainPage@25fb8912]" started-at="2022-05-28T18:22:08 IDT" name="afterMethod" finished-at="2022-05-28T18:22:09 IDT" duration-ms="675" status="PASS">
          <reporter-output>
          </reporter-output>
        </test-method> <!-- afterMethod -->
      </class> <!-- tests.UXTestsMainPage -->
    </test> <!-- TestEdge -->
  </suite> <!-- Suite -->
</testng-results>
