<?xml version="1.0" encoding="UTF-8"?>
<testng-results ignored="10" total="11" passed="1" failed="0" skipped="0">
  <reporter-output>
  </reporter-output>
  <suite started-at="2022-03-04T00:36:53 IST" name="Default suite" finished-at="2022-03-04T00:37:13 IST" duration-ms="19953">
    <groups>
    </groups>
    <test started-at="2022-03-04T00:36:53 IST" name="Default test" finished-at="2022-03-04T00:37:13 IST" duration-ms="19953">
      <class name="tests.Tests">
        <test-method is-config="true" signature="beforeTest()[pri:0, instance:tests.Tests@3fb1549b]" started-at="2022-03-04T00:36:53 IST" name="beforeTest" finished-at="2022-03-04T00:37:08 IST" duration-ms="15149" status="PASS">
          <reporter-output>
          </reporter-output>
        </test-method> <!-- beforeTest -->
        <test-method signature="valuesInTable()[pri:0, instance:tests.Tests@3fb1549b]" started-at="2022-03-04T00:37:08 IST" name="valuesInTable" finished-at="2022-03-04T00:37:13 IST" duration-ms="4778" status="PASS">
          <reporter-output>
          </reporter-output>
        </test-method> <!-- valuesInTable -->
        <test-method is-config="true" signature="afterTest()[pri:0, instance:tests.Tests@3fb1549b]" started-at="2022-03-04T00:37:13 IST" name="afterTest" finished-at="2022-03-04T00:37:13 IST" duration-ms="0" status="PASS">
          <reporter-output>
          </reporter-output>
        </test-method> <!-- afterTest -->
      </class> <!-- tests.Tests -->
    </test> <!-- Default test -->
  </suite> <!-- Default suite -->
</testng-results>
