<?xml version="1.0" encoding="UTF-8"?>
<testng-results ignored="11" total="12" passed="1" failed="0" skipped="0">
  <reporter-output>
  </reporter-output>
  <suite started-at="2022-03-06T19:52:43 IST" name="Default suite" finished-at="2022-03-06T19:53:14 IST" duration-ms="30899">
    <groups>
    </groups>
    <test started-at="2022-03-06T19:52:43 IST" name="Default test" finished-at="2022-03-06T19:53:14 IST" duration-ms="30899">
      <class name="tests.Tests">
        <test-method is-config="true" signature="beforeTest()[pri:0, instance:tests.Tests@ea6147e]" started-at="2022-03-06T19:52:43 IST" name="beforeTest" finished-at="2022-03-06T19:53:00 IST" duration-ms="16921" status="PASS">
          <reporter-output>
          </reporter-output>
        </test-method> <!-- beforeTest -->
        <test-method signature="amountOfPages()[pri:0, instance:tests.Tests@ea6147e]" started-at="2022-03-06T19:53:00 IST" name="amountOfPages" finished-at="2022-03-06T19:53:14 IST" duration-ms="13947" status="PASS">
          <reporter-output>
          </reporter-output>
        </test-method> <!-- amountOfPages -->
        <test-method is-config="true" signature="afterTest()[pri:0, instance:tests.Tests@ea6147e]" started-at="2022-03-06T19:53:14 IST" name="afterTest" finished-at="2022-03-06T19:53:14 IST" duration-ms="0" status="PASS">
          <reporter-output>
          </reporter-output>
        </test-method> <!-- afterTest -->
      </class> <!-- tests.Tests -->
    </test> <!-- Default test -->
  </suite> <!-- Default suite -->
</testng-results>
