<?xml version="1.0" encoding="UTF-8"?>
<testng-results ignored="1" total="2" passed="1" failed="0" skipped="0">
  <reporter-output>
  </reporter-output>
  <suite started-at="2022-07-30T16:38:41 IDT" name="Default suite" finished-at="2022-07-30T16:39:31 IDT" duration-ms="49475">
    <groups>
    </groups>
    <test started-at="2022-07-30T16:38:41 IDT" name="Default test" finished-at="2022-07-30T16:39:31 IDT" duration-ms="49475">
      <class name="tests.LinksTests">
        <test-method is-config="true" signature="beforeMethod()[pri:0, instance:tests.LinksTests@759d26fb]" started-at="2022-07-30T16:38:41 IDT" name="beforeMethod" finished-at="2022-07-30T16:38:49 IDT" duration-ms="7716" status="PASS">
          <reporter-output>
          </reporter-output>
        </test-method> <!-- beforeMethod -->
        <test-method signature="LinksTestsOnMenuAlbumTmonot()[pri:0, instance:tests.LinksTests@759d26fb]" started-at="2022-07-30T16:38:49 IDT" name="LinksTestsOnMenuAlbumTmonot" finished-at="2022-07-30T16:39:30 IDT" duration-ms="41048" status="PASS">
          <reporter-output>
          </reporter-output>
        </test-method> <!-- LinksTestsOnMenuAlbumTmonot -->
        <test-method is-config="true" signature="afterMethod()[pri:0, instance:tests.LinksTests@759d26fb]" started-at="2022-07-30T16:39:30 IDT" name="afterMethod" finished-at="2022-07-30T16:39:31 IDT" duration-ms="687" status="PASS">
          <reporter-output>
          </reporter-output>
        </test-method> <!-- afterMethod -->
      </class> <!-- tests.LinksTests -->
    </test> <!-- Default test -->
  </suite> <!-- Default suite -->
</testng-results>
