<?xml version="1.0" encoding="UTF-8"?>
<testng-results ignored="2" total="3" passed="1" failed="0" skipped="0">
  <reporter-output>
  </reporter-output>
  <suite started-at="2022-03-07T20:42:53 IST" name="Default suite" finished-at="2022-03-07T20:43:01 IST" duration-ms="8180">
    <groups>
    </groups>
    <test started-at="2022-03-07T20:42:53 IST" name="Default test" finished-at="2022-03-07T20:43:01 IST" duration-ms="8180">
      <class name="tests.AccountConnectionAndCrudTests">
        <test-method is-config="true" signature="beforeTest()[pri:0, instance:tests.AccountConnectionAndCrudTests@2df9b86]" started-at="2022-03-07T20:42:53 IST" name="beforeTest" finished-at="2022-03-07T20:42:59 IST" duration-ms="6162" status="PASS">
          <reporter-output>
          </reporter-output>
        </test-method> <!-- beforeTest -->
        <test-method signature="CreatAcoountFailed()[pri:0, instance:tests.AccountConnectionAndCrudTests@2df9b86]" started-at="2022-03-07T20:42:59 IST" name="CreatAcoountFailed" finished-at="2022-03-07T20:43:01 IST" duration-ms="1996" status="PASS">
          <reporter-output>
          </reporter-output>
        </test-method> <!-- CreatAcoountFailed -->
        <test-method is-config="true" signature="afterTest()[pri:0, instance:tests.AccountConnectionAndCrudTests@2df9b86]" started-at="2022-03-07T20:43:01 IST" name="afterTest" finished-at="2022-03-07T20:43:01 IST" duration-ms="0" status="PASS">
          <reporter-output>
          </reporter-output>
        </test-method> <!-- afterTest -->
      </class> <!-- tests.AccountConnectionAndCrudTests -->
    </test> <!-- Default test -->
  </suite> <!-- Default suite -->
</testng-results>
