<?xml version="1.0" encoding="UTF-8"?>
<testng-results ignored="0" total="34" passed="31" failed="3" skipped="0">
  <reporter-output>
  </reporter-output>
  <suite started-at="2022-06-14T17:33:05 IDT" name="Suite" finished-at="2022-06-14T17:47:04 IDT" duration-ms="839253">
    <groups>
    </groups>
    <test started-at="2022-06-14T17:33:05 IDT" name="TestsOnChrome" finished-at="2022-06-14T17:40:02 IDT" duration-ms="416906">
      <class name="tests.LinksTests">
        <test-method is-config="true" signature="beforeMethod(java.lang.String)[pri:0, instance:tests.LinksTests@2a54a73f]" started-at="2022-06-14T17:36:46 IDT" name="beforeMethod" finished-at="2022-06-14T17:36:51 IDT" duration-ms="4930" status="PASS">
          <params>
            <param index="0">
              <value>
                <![CDATA[chrome]]>
              </value>
            </param>
          </params>
          <reporter-output>
          </reporter-output>
        </test-method> <!-- beforeMethod -->
        <test-method signature="LinksTestsOnMenuAlbumTmonot()[pri:0, instance:tests.LinksTests@2a54a73f]" started-at="2022-06-14T17:36:51 IDT" name="LinksTestsOnMenuAlbumTmonot" finished-at="2022-06-14T17:38:00 IDT" duration-ms="69947" status="FAIL">
          <exception class="java.lang.AssertionError">
            <message>
              <![CDATA[expected [https://www.lupa.co.il/products/layflat/#spu-6651] but found [https://www.lupa.co.il/products/layflat/]]]>
            </message>
            <full-stacktrace>
              <![CDATA[java.lang.AssertionError: expected [https://www.lupa.co.il/products/layflat/#spu-6651] but found [https://www.lupa.co.il/products/layflat/]
at org.testng.Assert.fail(Assert.java:97)
at org.testng.Assert.assertEqualsImpl(Assert.java:136)
at org.testng.Assert.assertEquals(Assert.java:118)
at org.testng.Assert.assertEquals(Assert.java:575)
at org.testng.Assert.assertEquals(Assert.java:585)
at tools.LinksFunctions.CheckingIfTheTestGotToTheRightURLs(LinksFunctions.java:26)
at tests.LinksTests.LinksTestsOnMenuAlbumTmonot(LinksTests.java:75)
at java.base/jdk.internal.reflect.NativeMethodAccessorImpl.invoke0(Native Method)
at java.base/jdk.internal.reflect.NativeMethodAccessorImpl.invoke(NativeMethodAccessorImpl.java:62)
at java.base/jdk.internal.reflect.DelegatingMethodAccessorImpl.invoke(DelegatingMethodAccessorImpl.java:43)
at java.base/java.lang.reflect.Method.invoke(Method.java:566)
at org.testng.internal.MethodInvocationHelper.invokeMethod(MethodInvocationHelper.java:134)
at org.testng.internal.TestInvoker.invokeMethod(TestInvoker.java:597)
at org.testng.internal.TestInvoker.invokeTestMethod(TestInvoker.java:173)
at org.testng.internal.MethodRunner.runInSequence(MethodRunner.java:46)
at org.testng.internal.TestInvoker$MethodInvocationAgent.invoke(TestInvoker.java:816)
at org.testng.internal.TestInvoker.invokeTestMethods(TestInvoker.java:146)
at org.testng.internal.TestMethodWorker.invokeTestMethods(TestMethodWorker.java:146)
at org.testng.internal.TestMethodWorker.run(TestMethodWorker.java:128)
at java.base/java.util.ArrayList.forEach(ArrayList.java:1540)
at org.testng.TestRunner.privateRun(TestRunner.java:766)
at org.testng.TestRunner.run(TestRunner.java:587)
at org.testng.SuiteRunner.runTest(SuiteRunner.java:384)
at org.testng.SuiteRunner.runSequentially(SuiteRunner.java:378)
at org.testng.SuiteRunner.privateRun(SuiteRunner.java:337)
at org.testng.SuiteRunner.run(SuiteRunner.java:286)
at org.testng.SuiteRunnerWorker.runSuite(SuiteRunnerWorker.java:53)
at org.testng.SuiteRunnerWorker.run(SuiteRunnerWorker.java:96)
at org.testng.TestNG.runSuitesSequentially(TestNG.java:1187)
at org.testng.TestNG.runSuitesLocally(TestNG.java:1109)
at org.testng.TestNG.runSuites(TestNG.java:1039)
at org.testng.TestNG.run(TestNG.java:1007)
at org.testng.remote.AbstractRemoteTestNG.run(AbstractRemoteTestNG.java:115)
at org.testng.remote.RemoteTestNG.initAndRun(RemoteTestNG.java:251)
at org.testng.remote.RemoteTestNG.main(RemoteTestNG.java:77)
]]>
            </full-stacktrace>
          </exception> <!-- java.lang.AssertionError -->
          <reporter-output>
          </reporter-output>
        </test-method> <!-- LinksTestsOnMenuAlbumTmonot -->
        <test-method is-config="true" signature="afterMethod()[pri:0, instance:tests.LinksTests@2a54a73f]" started-at="2022-06-14T17:38:00 IDT" name="afterMethod" finished-at="2022-06-14T17:38:01 IDT" duration-ms="660" status="PASS">
          <reporter-output>
          </reporter-output>
        </test-method> <!-- afterMethod -->
        <test-method is-config="true" signature="beforeMethod(java.lang.String)[pri:0, instance:tests.LinksTests@2a54a73f]" started-at="2022-06-14T17:38:01 IDT" name="beforeMethod" finished-at="2022-06-14T17:38:07 IDT" duration-ms="5441" status="PASS">
          <params>
            <param index="0">
              <value>
                <![CDATA[chrome]]>
              </value>
            </param>
          </params>
          <reporter-output>
          </reporter-output>
        </test-method> <!-- beforeMethod -->
        <test-method signature="LinksTetsMenuBottomOfThePage()[pri:0, instance:tests.LinksTests@2a54a73f]" started-at="2022-06-14T17:38:07 IDT" name="LinksTetsMenuBottomOfThePage" finished-at="2022-06-14T17:39:05 IDT" duration-ms="58827" status="PASS">
          <reporter-output>
          </reporter-output>
        </test-method> <!-- LinksTetsMenuBottomOfThePage -->
        <test-method is-config="true" signature="afterMethod()[pri:0, instance:tests.LinksTests@2a54a73f]" started-at="2022-06-14T17:39:05 IDT" name="afterMethod" finished-at="2022-06-14T17:39:06 IDT" duration-ms="632" status="PASS">
          <reporter-output>
          </reporter-output>
        </test-method> <!-- afterMethod -->
      </class> <!-- tests.LinksTests -->
      <class name="tests.FormsTests">
        <test-method is-config="true" signature="beforeMethod(java.lang.String)[pri:0, instance:tests.FormsTests@71238fc2]" started-at="2022-06-14T17:35:56 IDT" name="beforeMethod" finished-at="2022-06-14T17:36:01 IDT" duration-ms="5203" status="PASS">
          <params>
            <param index="0">
              <value>
                <![CDATA[chrome]]>
              </value>
            </param>
          </params>
          <reporter-output>
          </reporter-output>
        </test-method> <!-- beforeMethod -->
        <test-method signature="errorMessagesContactMeForm()[pri:0, instance:tests.FormsTests@71238fc2]" started-at="2022-06-14T17:36:01 IDT" name="errorMessagesContactMeForm" finished-at="2022-06-14T17:36:07 IDT" duration-ms="5662" status="PASS">
          <reporter-output>
          </reporter-output>
        </test-method> <!-- errorMessagesContactMeForm -->
        <test-method is-config="true" signature="afterMethod()[pri:0, instance:tests.FormsTests@71238fc2]" started-at="2022-06-14T17:36:07 IDT" name="afterMethod" finished-at="2022-06-14T17:36:07 IDT" duration-ms="760" status="PASS">
          <reporter-output>
          </reporter-output>
        </test-method> <!-- afterMethod -->
        <test-method is-config="true" signature="beforeMethod(java.lang.String)[pri:0, instance:tests.FormsTests@71238fc2]" started-at="2022-06-14T17:36:07 IDT" name="beforeMethod" finished-at="2022-06-14T17:36:12 IDT" duration-ms="4978" status="PASS">
          <params>
            <param index="0">
              <value>
                <![CDATA[chrome]]>
              </value>
            </param>
          </params>
          <reporter-output>
          </reporter-output>
        </test-method> <!-- beforeMethod -->
        <test-method signature="errorMessagesLetTalkAboutItForm()[pri:0, instance:tests.FormsTests@71238fc2]" started-at="2022-06-14T17:36:12 IDT" name="errorMessagesLetTalkAboutItForm" finished-at="2022-06-14T17:36:19 IDT" duration-ms="7118" status="PASS">
          <reporter-output>
          </reporter-output>
        </test-method> <!-- errorMessagesLetTalkAboutItForm -->
        <test-method is-config="true" signature="afterMethod()[pri:0, instance:tests.FormsTests@71238fc2]" started-at="2022-06-14T17:36:19 IDT" name="afterMethod" finished-at="2022-06-14T17:36:20 IDT" duration-ms="772" status="PASS">
          <reporter-output>
          </reporter-output>
        </test-method> <!-- afterMethod -->
        <test-method is-config="true" signature="beforeMethod(java.lang.String)[pri:0, instance:tests.FormsTests@71238fc2]" started-at="2022-06-14T17:36:20 IDT" name="beforeMethod" finished-at="2022-06-14T17:36:25 IDT" duration-ms="4864" status="PASS">
          <params>
            <param index="0">
              <value>
                <![CDATA[chrome]]>
              </value>
            </param>
          </params>
          <reporter-output>
          </reporter-output>
        </test-method> <!-- beforeMethod -->
        <test-method signature="errorMessagesOnFormSendEmail()[pri:0, instance:tests.FormsTests@71238fc2]" started-at="2022-06-14T17:36:25 IDT" name="errorMessagesOnFormSendEmail" finished-at="2022-06-14T17:36:31 IDT" duration-ms="6147" status="PASS">
          <reporter-output>
          </reporter-output>
        </test-method> <!-- errorMessagesOnFormSendEmail -->
        <test-method is-config="true" signature="afterMethod()[pri:0, instance:tests.FormsTests@71238fc2]" started-at="2022-06-14T17:36:31 IDT" name="afterMethod" finished-at="2022-06-14T17:36:32 IDT" duration-ms="619" status="PASS">
          <reporter-output>
          </reporter-output>
        </test-method> <!-- afterMethod -->
        <test-method is-config="true" signature="beforeMethod(java.lang.String)[pri:0, instance:tests.FormsTests@71238fc2]" started-at="2022-06-14T17:36:32 IDT" name="beforeMethod" finished-at="2022-06-14T17:36:37 IDT" duration-ms="4880" status="PASS">
          <params>
            <param index="0">
              <value>
                <![CDATA[chrome]]>
              </value>
            </param>
          </params>
          <reporter-output>
          </reporter-output>
        </test-method> <!-- beforeMethod -->
        <test-method signature="followOrderFormErrorMessages()[pri:0, instance:tests.FormsTests@71238fc2]" started-at="2022-06-14T17:36:37 IDT" name="followOrderFormErrorMessages" finished-at="2022-06-14T17:36:45 IDT" duration-ms="8288" status="PASS">
          <reporter-output>
          </reporter-output>
        </test-method> <!-- followOrderFormErrorMessages -->
        <test-method is-config="true" signature="afterMethod()[pri:0, instance:tests.FormsTests@71238fc2]" started-at="2022-06-14T17:36:45 IDT" name="afterMethod" finished-at="2022-06-14T17:36:46 IDT" duration-ms="625" status="PASS">
          <reporter-output>
          </reporter-output>
        </test-method> <!-- afterMethod -->
      </class> <!-- tests.FormsTests -->
      <class name="tests.AccountTests">
        <test-method is-config="true" signature="beforeTest(java.lang.String)[pri:0, instance:tests.AccountTests@fba92d3]" started-at="2022-06-14T17:33:05 IDT" name="beforeTest" finished-at="2022-06-14T17:33:11 IDT" duration-ms="5803" status="PASS">
          <params>
            <param index="0">
              <value>
                <![CDATA[chrome]]>
              </value>
            </param>
          </params>
          <reporter-output>
          </reporter-output>
        </test-method> <!-- beforeTest -->
        <test-method signature="CreatAcoountErrorMessages()[pri:0, instance:tests.AccountTests@fba92d3]" started-at="2022-06-14T17:33:11 IDT" name="CreatAcoountErrorMessages" finished-at="2022-06-14T17:33:17 IDT" duration-ms="6037" status="PASS">
          <reporter-output>
          </reporter-output>
        </test-method> <!-- CreatAcoountErrorMessages -->
        <test-method is-config="true" signature="afterTest()[pri:0, instance:tests.AccountTests@fba92d3]" started-at="2022-06-14T17:33:17 IDT" name="afterTest" finished-at="2022-06-14T17:33:18 IDT" duration-ms="619" status="PASS">
          <reporter-output>
          </reporter-output>
        </test-method> <!-- afterTest -->
        <test-method is-config="true" signature="beforeTest(java.lang.String)[pri:0, instance:tests.AccountTests@fba92d3]" started-at="2022-06-14T17:33:18 IDT" name="beforeTest" finished-at="2022-06-14T17:33:23 IDT" duration-ms="5027" status="PASS">
          <params>
            <param index="0">
              <value>
                <![CDATA[chrome]]>
              </value>
            </param>
          </params>
          <reporter-output>
          </reporter-output>
        </test-method> <!-- beforeTest -->
        <test-method signature="CrudTestPersonalDetails()[pri:0, instance:tests.AccountTests@fba92d3]" started-at="2022-06-14T17:33:23 IDT" name="CrudTestPersonalDetails" finished-at="2022-06-14T17:33:38 IDT" duration-ms="15569" status="PASS">
          <reporter-output>
          </reporter-output>
        </test-method> <!-- CrudTestPersonalDetails -->
        <test-method is-config="true" signature="afterTest()[pri:0, instance:tests.AccountTests@fba92d3]" started-at="2022-06-14T17:33:38 IDT" name="afterTest" finished-at="2022-06-14T17:33:39 IDT" duration-ms="622" status="PASS">
          <reporter-output>
          </reporter-output>
        </test-method> <!-- afterTest -->
        <test-method is-config="true" signature="beforeTest(java.lang.String)[pri:0, instance:tests.AccountTests@fba92d3]" started-at="2022-06-14T17:33:39 IDT" name="beforeTest" finished-at="2022-06-14T17:33:44 IDT" duration-ms="5009" status="PASS">
          <params>
            <param index="0">
              <value>
                <![CDATA[chrome]]>
              </value>
            </param>
          </params>
          <reporter-output>
          </reporter-output>
        </test-method> <!-- beforeTest -->
        <test-method signature="LogInwithFacebookToLupa()[pri:0, instance:tests.AccountTests@fba92d3]" started-at="2022-06-14T17:33:44 IDT" name="LogInwithFacebookToLupa" finished-at="2022-06-14T17:34:00 IDT" duration-ms="15779" status="PASS">
          <reporter-output>
          </reporter-output>
        </test-method> <!-- LogInwithFacebookToLupa -->
        <test-method is-config="true" signature="afterTest()[pri:0, instance:tests.AccountTests@fba92d3]" started-at="2022-06-14T17:34:00 IDT" name="afterTest" finished-at="2022-06-14T17:34:00 IDT" duration-ms="621" status="PASS">
          <reporter-output>
          </reporter-output>
        </test-method> <!-- afterTest -->
      </class> <!-- tests.AccountTests -->
      <class name="tests.PriceTableTests">
        <test-method is-config="true" signature="beforeMethod(java.lang.String)[pri:0, instance:tests.PriceTableTests@16a0ee18]" started-at="2022-06-14T17:39:06 IDT" name="beforeMethod" finished-at="2022-06-14T17:39:11 IDT" duration-ms="4916" status="PASS">
          <params>
            <param index="0">
              <value>
                <![CDATA[chrome]]>
              </value>
            </param>
          </params>
          <reporter-output>
          </reporter-output>
        </test-method> <!-- beforeMethod -->
        <test-method signature="CheckingTheAmountOfPagesBasedOnAmountOfClicks()[pri:0, instance:tests.PriceTableTests@16a0ee18]" started-at="2022-06-14T17:39:11 IDT" name="CheckingTheAmountOfPagesBasedOnAmountOfClicks" finished-at="2022-06-14T17:39:27 IDT" duration-ms="15648" status="PASS">
          <reporter-output>
          </reporter-output>
        </test-method> <!-- CheckingTheAmountOfPagesBasedOnAmountOfClicks -->
        <test-method is-config="true" signature="afterMethod()[pri:0, instance:tests.PriceTableTests@16a0ee18]" started-at="2022-06-14T17:39:27 IDT" name="afterMethod" finished-at="2022-06-14T17:39:27 IDT" duration-ms="612" status="PASS">
          <reporter-output>
          </reporter-output>
        </test-method> <!-- afterMethod -->
        <test-method is-config="true" signature="beforeMethod(java.lang.String)[pri:0, instance:tests.PriceTableTests@16a0ee18]" started-at="2022-06-14T17:39:27 IDT" name="beforeMethod" finished-at="2022-06-14T17:39:32 IDT" duration-ms="4859" status="PASS">
          <params>
            <param index="0">
              <value>
                <![CDATA[chrome]]>
              </value>
            </param>
          </params>
          <reporter-output>
          </reporter-output>
        </test-method> <!-- beforeMethod -->
        <test-method signature="checkingTheInfoOfTheTable()[pri:0, instance:tests.PriceTableTests@16a0ee18]" started-at="2022-06-14T17:39:32 IDT" name="checkingTheInfoOfTheTable" finished-at="2022-06-14T17:39:44 IDT" duration-ms="12104" status="PASS">
          <reporter-output>
          </reporter-output>
        </test-method> <!-- checkingTheInfoOfTheTable -->
        <test-method is-config="true" signature="afterMethod()[pri:0, instance:tests.PriceTableTests@16a0ee18]" started-at="2022-06-14T17:39:44 IDT" name="afterMethod" finished-at="2022-06-14T17:39:45 IDT" duration-ms="610" status="PASS">
          <reporter-output>
          </reporter-output>
        </test-method> <!-- afterMethod -->
      </class> <!-- tests.PriceTableTests -->
      <class name="tests.E2ETests">
        <test-method is-config="true" signature="beforeTest(java.lang.String)[pri:0, instance:tests.E2ETests@fa49800]" started-at="2022-06-14T17:35:43 IDT" name="beforeTest" finished-at="2022-06-14T17:35:48 IDT" duration-ms="4917" status="PASS">
          <params>
            <param index="0">
              <value>
                <![CDATA[chrome]]>
              </value>
            </param>
          </params>
          <reporter-output>
          </reporter-output>
        </test-method> <!-- beforeTest -->
        <test-method signature="editPics()[pri:0, instance:tests.E2ETests@fa49800]" started-at="2022-06-14T17:35:48 IDT" name="editPics" finished-at="2022-06-14T17:35:55 IDT" duration-ms="6290" status="PASS">
          <reporter-output>
          </reporter-output>
        </test-method> <!-- editPics -->
        <test-method is-config="true" signature="afterTest()[pri:0, instance:tests.E2ETests@fa49800]" started-at="2022-06-14T17:35:55 IDT" name="afterTest" finished-at="2022-06-14T17:35:56 IDT" duration-ms="1107" status="PASS">
          <reporter-output>
          </reporter-output>
        </test-method> <!-- afterTest -->
      </class> <!-- tests.E2ETests -->
      <class name="tests.ButiqSparimTests">
        <test-method is-config="true" signature="beforeMethod(java.lang.String)[pri:0, instance:tests.ButiqSparimTests@662b4c69]" started-at="2022-06-14T17:34:00 IDT" name="beforeMethod" finished-at="2022-06-14T17:34:05 IDT" duration-ms="4892" status="PASS">
          <params>
            <param index="0">
              <value>
                <![CDATA[chrome]]>
              </value>
            </param>
          </params>
          <reporter-output>
          </reporter-output>
        </test-method> <!-- beforeMethod -->
        <test-method signature="checkingIfLikeButtonsAreWorking()[pri:1, instance:tests.ButiqSparimTests@662b4c69]" started-at="2022-06-14T17:34:05 IDT" name="checkingIfLikeButtonsAreWorking" finished-at="2022-06-14T17:34:32 IDT" duration-ms="26602" status="PASS">
          <reporter-output>
          </reporter-output>
        </test-method> <!-- checkingIfLikeButtonsAreWorking -->
        <test-method is-config="true" signature="afterMethod()[pri:0, instance:tests.ButiqSparimTests@662b4c69]" started-at="2022-06-14T17:34:32 IDT" name="afterMethod" finished-at="2022-06-14T17:34:32 IDT" duration-ms="640" status="PASS">
          <reporter-output>
          </reporter-output>
        </test-method> <!-- afterMethod -->
        <test-method is-config="true" signature="beforeMethod(java.lang.String)[pri:0, instance:tests.ButiqSparimTests@662b4c69]" started-at="2022-06-14T17:34:32 IDT" name="beforeMethod" finished-at="2022-06-14T17:34:37 IDT" duration-ms="4902" status="PASS">
          <params>
            <param index="0">
              <value>
                <![CDATA[chrome]]>
              </value>
            </param>
          </params>
          <reporter-output>
          </reporter-output>
        </test-method> <!-- beforeMethod -->
        <test-method signature="rightAmuontOfBooksInEachCategory()[pri:2, instance:tests.ButiqSparimTests@662b4c69]" started-at="2022-06-14T17:34:37 IDT" name="rightAmuontOfBooksInEachCategory" finished-at="2022-06-14T17:35:43 IDT" duration-ms="65444" status="PASS">
          <reporter-output>
          </reporter-output>
        </test-method> <!-- rightAmuontOfBooksInEachCategory -->
        <test-method is-config="true" signature="afterMethod()[pri:0, instance:tests.ButiqSparimTests@662b4c69]" started-at="2022-06-14T17:35:43 IDT" name="afterMethod" finished-at="2022-06-14T17:35:43 IDT" duration-ms="623" status="PASS">
          <reporter-output>
          </reporter-output>
        </test-method> <!-- afterMethod -->
      </class> <!-- tests.ButiqSparimTests -->
      <class name="tests.UXTestsMainPage">
        <test-method is-config="true" signature="beforeMethod(java.lang.String)[pri:0, instance:tests.UXTestsMainPage@3d6f0054]" started-at="2022-06-14T17:39:45 IDT" name="beforeMethod" finished-at="2022-06-14T17:39:49 IDT" duration-ms="4665" status="PASS">
          <params>
            <param index="0">
              <value>
                <![CDATA[chrome]]>
              </value>
            </param>
          </params>
          <reporter-output>
          </reporter-output>
        </test-method> <!-- beforeMethod -->
        <test-method signature="UXTestLupaLogo()[pri:0, instance:tests.UXTestsMainPage@3d6f0054]" started-at="2022-06-14T17:39:49 IDT" name="UXTestLupaLogo" finished-at="2022-06-14T17:39:50 IDT" duration-ms="577" status="PASS">
          <reporter-output>
          </reporter-output>
        </test-method> <!-- UXTestLupaLogo -->
        <test-method is-config="true" signature="afterMethod()[pri:0, instance:tests.UXTestsMainPage@3d6f0054]" started-at="2022-06-14T17:39:50 IDT" name="afterMethod" finished-at="2022-06-14T17:39:51 IDT" duration-ms="602" status="PASS">
          <reporter-output>
          </reporter-output>
        </test-method> <!-- afterMethod -->
        <test-method is-config="true" signature="beforeMethod(java.lang.String)[pri:0, instance:tests.UXTestsMainPage@3d6f0054]" started-at="2022-06-14T17:39:51 IDT" name="beforeMethod" finished-at="2022-06-14T17:39:56 IDT" duration-ms="4980" status="PASS">
          <params>
            <param index="0">
              <value>
                <![CDATA[chrome]]>
              </value>
            </param>
          </params>
          <reporter-output>
          </reporter-output>
        </test-method> <!-- beforeMethod -->
        <test-method signature="UXTestOn2LinksFontAndColor()[pri:0, instance:tests.UXTestsMainPage@3d6f0054]" started-at="2022-06-14T17:39:56 IDT" name="UXTestOn2LinksFontAndColor" finished-at="2022-06-14T17:39:56 IDT" duration-ms="70" status="PASS">
          <reporter-output>
          </reporter-output>
        </test-method> <!-- UXTestOn2LinksFontAndColor -->
        <test-method is-config="true" signature="afterMethod()[pri:0, instance:tests.UXTestsMainPage@3d6f0054]" started-at="2022-06-14T17:39:56 IDT" name="afterMethod" finished-at="2022-06-14T17:39:56 IDT" duration-ms="610" status="PASS">
          <reporter-output>
          </reporter-output>
        </test-method> <!-- afterMethod -->
        <test-method is-config="true" signature="beforeMethod(java.lang.String)[pri:0, instance:tests.UXTestsMainPage@3d6f0054]" started-at="2022-06-14T17:39:56 IDT" name="beforeMethod" finished-at="2022-06-14T17:40:01 IDT" duration-ms="5048" status="PASS">
          <params>
            <param index="0">
              <value>
                <![CDATA[chrome]]>
              </value>
            </param>
          </params>
          <reporter-output>
          </reporter-output>
        </test-method> <!-- beforeMethod -->
        <test-method signature="UXTestOnDiscountAd()[pri:0, instance:tests.UXTestsMainPage@3d6f0054]" started-at="2022-06-14T17:40:01 IDT" name="UXTestOnDiscountAd" finished-at="2022-06-14T17:40:01 IDT" duration-ms="81" status="PASS">
          <reporter-output>
          </reporter-output>
        </test-method> <!-- UXTestOnDiscountAd -->
        <test-method is-config="true" signature="afterMethod()[pri:0, instance:tests.UXTestsMainPage@3d6f0054]" started-at="2022-06-14T17:40:01 IDT" name="afterMethod" finished-at="2022-06-14T17:40:02 IDT" duration-ms="603" status="PASS">
          <reporter-output>
          </reporter-output>
        </test-method> <!-- afterMethod -->
      </class> <!-- tests.UXTestsMainPage -->
    </test> <!-- TestsOnChrome -->
    <test started-at="2022-06-14T17:40:02 IDT" name="TestsOnEdge1" finished-at="2022-06-14T17:43:30 IDT" duration-ms="208015">
      <class name="tests.FormsTests">
        <test-method is-config="true" signature="beforeMethod(java.lang.String)[pri:0, instance:tests.FormsTests@18d87d80]" started-at="2022-06-14T17:41:49 IDT" name="beforeMethod" finished-at="2022-06-14T17:41:56 IDT" duration-ms="6505" status="PASS">
          <params>
            <param index="0">
              <value>
                <![CDATA[Edge]]>
              </value>
            </param>
          </params>
          <reporter-output>
          </reporter-output>
        </test-method> <!-- beforeMethod -->
        <test-method signature="errorMessagesContactMeForm()[pri:0, instance:tests.FormsTests@18d87d80]" started-at="2022-06-14T17:41:56 IDT" name="errorMessagesContactMeForm" finished-at="2022-06-14T17:42:02 IDT" duration-ms="5647" status="PASS">
          <reporter-output>
          </reporter-output>
        </test-method> <!-- errorMessagesContactMeForm -->
        <test-method is-config="true" signature="afterMethod()[pri:0, instance:tests.FormsTests@18d87d80]" started-at="2022-06-14T17:42:02 IDT" name="afterMethod" finished-at="2022-06-14T17:42:02 IDT" duration-ms="700" status="PASS">
          <reporter-output>
          </reporter-output>
        </test-method> <!-- afterMethod -->
        <test-method is-config="true" signature="beforeMethod(java.lang.String)[pri:0, instance:tests.FormsTests@18d87d80]" started-at="2022-06-14T17:42:02 IDT" name="beforeMethod" finished-at="2022-06-14T17:42:09 IDT" duration-ms="6203" status="PASS">
          <params>
            <param index="0">
              <value>
                <![CDATA[Edge]]>
              </value>
            </param>
          </params>
          <reporter-output>
          </reporter-output>
        </test-method> <!-- beforeMethod -->
        <test-method signature="errorMessagesLetTalkAboutItForm()[pri:0, instance:tests.FormsTests@18d87d80]" started-at="2022-06-14T17:42:09 IDT" name="errorMessagesLetTalkAboutItForm" finished-at="2022-06-14T17:42:15 IDT" duration-ms="6912" status="PASS">
          <reporter-output>
          </reporter-output>
        </test-method> <!-- errorMessagesLetTalkAboutItForm -->
        <test-method is-config="true" signature="afterMethod()[pri:0, instance:tests.FormsTests@18d87d80]" started-at="2022-06-14T17:42:15 IDT" name="afterMethod" finished-at="2022-06-14T17:42:16 IDT" duration-ms="698" status="PASS">
          <reporter-output>
          </reporter-output>
        </test-method> <!-- afterMethod -->
        <test-method is-config="true" signature="beforeMethod(java.lang.String)[pri:0, instance:tests.FormsTests@18d87d80]" started-at="2022-06-14T17:42:16 IDT" name="beforeMethod" finished-at="2022-06-14T17:42:22 IDT" duration-ms="6072" status="PASS">
          <params>
            <param index="0">
              <value>
                <![CDATA[Edge]]>
              </value>
            </param>
          </params>
          <reporter-output>
          </reporter-output>
        </test-method> <!-- beforeMethod -->
        <test-method signature="errorMessagesOnFormSendEmail()[pri:0, instance:tests.FormsTests@18d87d80]" started-at="2022-06-14T17:42:22 IDT" name="errorMessagesOnFormSendEmail" finished-at="2022-06-14T17:42:29 IDT" duration-ms="6577" status="PASS">
          <reporter-output>
          </reporter-output>
        </test-method> <!-- errorMessagesOnFormSendEmail -->
        <test-method is-config="true" signature="afterMethod()[pri:0, instance:tests.FormsTests@18d87d80]" started-at="2022-06-14T17:42:29 IDT" name="afterMethod" finished-at="2022-06-14T17:42:30 IDT" duration-ms="698" status="PASS">
          <reporter-output>
          </reporter-output>
        </test-method> <!-- afterMethod -->
        <test-method is-config="true" signature="beforeMethod(java.lang.String)[pri:0, instance:tests.FormsTests@18d87d80]" started-at="2022-06-14T17:42:30 IDT" name="beforeMethod" finished-at="2022-06-14T17:42:36 IDT" duration-ms="6752" status="PASS">
          <params>
            <param index="0">
              <value>
                <![CDATA[Edge]]>
              </value>
            </param>
          </params>
          <reporter-output>
          </reporter-output>
        </test-method> <!-- beforeMethod -->
        <test-method signature="followOrderFormErrorMessages()[pri:0, instance:tests.FormsTests@18d87d80]" started-at="2022-06-14T17:42:36 IDT" name="followOrderFormErrorMessages" finished-at="2022-06-14T17:42:45 IDT" duration-ms="9133" status="PASS">
          <reporter-output>
          </reporter-output>
        </test-method> <!-- followOrderFormErrorMessages -->
        <test-method is-config="true" signature="afterMethod()[pri:0, instance:tests.FormsTests@18d87d80]" started-at="2022-06-14T17:42:45 IDT" name="afterMethod" finished-at="2022-06-14T17:42:46 IDT" duration-ms="678" status="PASS">
          <reporter-output>
          </reporter-output>
        </test-method> <!-- afterMethod -->
      </class> <!-- tests.FormsTests -->
      <class name="tests.PriceTableTests">
        <test-method is-config="true" signature="beforeMethod(java.lang.String)[pri:0, instance:tests.PriceTableTests@618425b5]" started-at="2022-06-14T17:42:46 IDT" name="beforeMethod" finished-at="2022-06-14T17:42:53 IDT" duration-ms="6678" status="PASS">
          <params>
            <param index="0">
              <value>
                <![CDATA[Edge]]>
              </value>
            </param>
          </params>
          <reporter-output>
          </reporter-output>
        </test-method> <!-- beforeMethod -->
        <test-method signature="CheckingTheAmountOfPagesBasedOnAmountOfClicks()[pri:0, instance:tests.PriceTableTests@618425b5]" started-at="2022-06-14T17:42:53 IDT" name="CheckingTheAmountOfPagesBasedOnAmountOfClicks" finished-at="2022-06-14T17:43:10 IDT" duration-ms="16909" status="PASS">
          <reporter-output>
          </reporter-output>
        </test-method> <!-- CheckingTheAmountOfPagesBasedOnAmountOfClicks -->
        <test-method is-config="true" signature="afterMethod()[pri:0, instance:tests.PriceTableTests@618425b5]" started-at="2022-06-14T17:43:10 IDT" name="afterMethod" finished-at="2022-06-14T17:43:10 IDT" duration-ms="707" status="PASS">
          <reporter-output>
          </reporter-output>
        </test-method> <!-- afterMethod -->
        <test-method is-config="true" signature="beforeMethod(java.lang.String)[pri:0, instance:tests.PriceTableTests@618425b5]" started-at="2022-06-14T17:43:10 IDT" name="beforeMethod" finished-at="2022-06-14T17:43:17 IDT" duration-ms="6744" status="PASS">
          <params>
            <param index="0">
              <value>
                <![CDATA[Edge]]>
              </value>
            </param>
          </params>
          <reporter-output>
          </reporter-output>
        </test-method> <!-- beforeMethod -->
        <test-method signature="checkingTheInfoOfTheTable()[pri:0, instance:tests.PriceTableTests@618425b5]" started-at="2022-06-14T17:43:17 IDT" name="checkingTheInfoOfTheTable" finished-at="2022-06-14T17:43:29 IDT" duration-ms="12286" status="PASS">
          <reporter-output>
          </reporter-output>
        </test-method> <!-- checkingTheInfoOfTheTable -->
        <test-method is-config="true" signature="afterMethod()[pri:0, instance:tests.PriceTableTests@618425b5]" started-at="2022-06-14T17:43:29 IDT" name="afterMethod" finished-at="2022-06-14T17:43:30 IDT" duration-ms="684" status="PASS">
          <reporter-output>
          </reporter-output>
        </test-method> <!-- afterMethod -->
      </class> <!-- tests.PriceTableTests -->
      <class name="tests.ButiqSparimTests">
        <test-method is-config="true" signature="beforeMethod(java.lang.String)[pri:0, instance:tests.ButiqSparimTests@1af2d44a]" started-at="2022-06-14T17:40:02 IDT" name="beforeMethod" finished-at="2022-06-14T17:40:09 IDT" duration-ms="6634" status="PASS">
          <params>
            <param index="0">
              <value>
                <![CDATA[Edge]]>
              </value>
            </param>
          </params>
          <reporter-output>
          </reporter-output>
        </test-method> <!-- beforeMethod -->
        <test-method signature="checkingIfLikeButtonsAreWorking()[pri:1, instance:tests.ButiqSparimTests@1af2d44a]" started-at="2022-06-14T17:40:09 IDT" name="checkingIfLikeButtonsAreWorking" finished-at="2022-06-14T17:40:35 IDT" duration-ms="26476" status="PASS">
          <reporter-output>
          </reporter-output>
        </test-method> <!-- checkingIfLikeButtonsAreWorking -->
        <test-method is-config="true" signature="afterMethod()[pri:0, instance:tests.ButiqSparimTests@1af2d44a]" started-at="2022-06-14T17:40:35 IDT" name="afterMethod" finished-at="2022-06-14T17:40:36 IDT" duration-ms="758" status="PASS">
          <reporter-output>
          </reporter-output>
        </test-method> <!-- afterMethod -->
        <test-method is-config="true" signature="beforeMethod(java.lang.String)[pri:0, instance:tests.ButiqSparimTests@1af2d44a]" started-at="2022-06-14T17:40:36 IDT" name="beforeMethod" finished-at="2022-06-14T17:40:43 IDT" duration-ms="6780" status="PASS">
          <params>
            <param index="0">
              <value>
                <![CDATA[Edge]]>
              </value>
            </param>
          </params>
          <reporter-output>
          </reporter-output>
        </test-method> <!-- beforeMethod -->
        <test-method signature="rightAmuontOfBooksInEachCategory()[pri:2, instance:tests.ButiqSparimTests@1af2d44a]" started-at="2022-06-14T17:40:43 IDT" name="rightAmuontOfBooksInEachCategory" finished-at="2022-06-14T17:41:49 IDT" duration-ms="66027" status="PASS">
          <reporter-output>
          </reporter-output>
        </test-method> <!-- rightAmuontOfBooksInEachCategory -->
        <test-method is-config="true" signature="afterMethod()[pri:0, instance:tests.ButiqSparimTests@1af2d44a]" started-at="2022-06-14T17:41:49 IDT" name="afterMethod" finished-at="2022-06-14T17:41:49 IDT" duration-ms="745" status="PASS">
          <reporter-output>
          </reporter-output>
        </test-method> <!-- afterMethod -->
      </class> <!-- tests.ButiqSparimTests -->
    </test> <!-- TestsOnEdge1 -->
    <test started-at="2022-06-14T17:43:30 IDT" name="TestsOnEdge2" finished-at="2022-06-14T17:47:04 IDT" duration-ms="214292">
      <class name="tests.LinksTests">
        <test-method is-config="true" signature="beforeMethod(java.lang.String)[pri:0, instance:tests.LinksTests@7bd4937b]" started-at="2022-06-14T17:44:43 IDT" name="beforeMethod" finished-at="2022-06-14T17:44:49 IDT" duration-ms="6021" status="PASS">
          <params>
            <param index="0">
              <value>
                <![CDATA[Edge]]>
              </value>
            </param>
          </params>
          <reporter-output>
          </reporter-output>
        </test-method> <!-- beforeMethod -->
        <test-method signature="LinksTestsOnMenuAlbumTmonot()[pri:0, instance:tests.LinksTests@7bd4937b]" started-at="2022-06-14T17:44:49 IDT" name="LinksTestsOnMenuAlbumTmonot" finished-at="2022-06-14T17:45:34 IDT" duration-ms="45134" status="FAIL">
          <exception class="java.lang.ArrayIndexOutOfBoundsException">
            <message>
              <![CDATA[Index 11 out of bounds for length 11]]>
            </message>
            <full-stacktrace>
              <![CDATA[java.lang.ArrayIndexOutOfBoundsException: Index 11 out of bounds for length 11
at tools.LinksFunctions.CheckingIfTheTestGotToTheRightURLs(LinksFunctions.java:26)
at tests.LinksTests.LinksTestsOnMenuAlbumTmonot(LinksTests.java:75)
at java.base/jdk.internal.reflect.NativeMethodAccessorImpl.invoke0(Native Method)
at java.base/jdk.internal.reflect.NativeMethodAccessorImpl.invoke(NativeMethodAccessorImpl.java:62)
at java.base/jdk.internal.reflect.DelegatingMethodAccessorImpl.invoke(DelegatingMethodAccessorImpl.java:43)
at java.base/java.lang.reflect.Method.invoke(Method.java:566)
at org.testng.internal.MethodInvocationHelper.invokeMethod(MethodInvocationHelper.java:134)
at org.testng.internal.TestInvoker.invokeMethod(TestInvoker.java:597)
at org.testng.internal.TestInvoker.invokeTestMethod(TestInvoker.java:173)
at org.testng.internal.MethodRunner.runInSequence(MethodRunner.java:46)
at org.testng.internal.TestInvoker$MethodInvocationAgent.invoke(TestInvoker.java:816)
at org.testng.internal.TestInvoker.invokeTestMethods(TestInvoker.java:146)
at org.testng.internal.TestMethodWorker.invokeTestMethods(TestMethodWorker.java:146)
at org.testng.internal.TestMethodWorker.run(TestMethodWorker.java:128)
at java.base/java.util.ArrayList.forEach(ArrayList.java:1540)
at org.testng.TestRunner.privateRun(TestRunner.java:766)
at org.testng.TestRunner.run(TestRunner.java:587)
at org.testng.SuiteRunner.runTest(SuiteRunner.java:384)
at org.testng.SuiteRunner.runSequentially(SuiteRunner.java:378)
at org.testng.SuiteRunner.privateRun(SuiteRunner.java:337)
at org.testng.SuiteRunner.run(SuiteRunner.java:286)
at org.testng.SuiteRunnerWorker.runSuite(SuiteRunnerWorker.java:53)
at org.testng.SuiteRunnerWorker.run(SuiteRunnerWorker.java:96)
at org.testng.TestNG.runSuitesSequentially(TestNG.java:1187)
at org.testng.TestNG.runSuitesLocally(TestNG.java:1109)
at org.testng.TestNG.runSuites(TestNG.java:1039)
at org.testng.TestNG.run(TestNG.java:1007)
at org.testng.remote.AbstractRemoteTestNG.run(AbstractRemoteTestNG.java:115)
at org.testng.remote.RemoteTestNG.initAndRun(RemoteTestNG.java:251)
at org.testng.remote.RemoteTestNG.main(RemoteTestNG.java:77)
]]>
            </full-stacktrace>
          </exception> <!-- java.lang.ArrayIndexOutOfBoundsException -->
          <reporter-output>
          </reporter-output>
        </test-method> <!-- LinksTestsOnMenuAlbumTmonot -->
        <test-method is-config="true" signature="afterMethod()[pri:0, instance:tests.LinksTests@7bd4937b]" started-at="2022-06-14T17:45:34 IDT" name="afterMethod" finished-at="2022-06-14T17:45:35 IDT" duration-ms="771" status="PASS">
          <reporter-output>
          </reporter-output>
        </test-method> <!-- afterMethod -->
        <test-method is-config="true" signature="beforeMethod(java.lang.String)[pri:0, instance:tests.LinksTests@7bd4937b]" started-at="2022-06-14T17:45:35 IDT" name="beforeMethod" finished-at="2022-06-14T17:45:42 IDT" duration-ms="6744" status="PASS">
          <params>
            <param index="0">
              <value>
                <![CDATA[Edge]]>
              </value>
            </param>
          </params>
          <reporter-output>
          </reporter-output>
        </test-method> <!-- beforeMethod -->
        <test-method signature="LinksTetsMenuBottomOfThePage()[pri:0, instance:tests.LinksTests@7bd4937b]" started-at="2022-06-14T17:45:42 IDT" name="LinksTetsMenuBottomOfThePage" finished-at="2022-06-14T17:46:41 IDT" duration-ms="59184" status="PASS">
          <reporter-output>
          </reporter-output>
        </test-method> <!-- LinksTetsMenuBottomOfThePage -->
        <test-method is-config="true" signature="afterMethod()[pri:0, instance:tests.LinksTests@7bd4937b]" started-at="2022-06-14T17:46:41 IDT" name="afterMethod" finished-at="2022-06-14T17:46:42 IDT" duration-ms="775" status="PASS">
          <reporter-output>
          </reporter-output>
        </test-method> <!-- afterMethod -->
      </class> <!-- tests.LinksTests -->
      <class name="tests.AccountTests">
        <test-method is-config="true" signature="beforeTest(java.lang.String)[pri:0, instance:tests.AccountTests@7c24b813]" started-at="2022-06-14T17:43:30 IDT" name="beforeTest" finished-at="2022-06-14T17:43:36 IDT" duration-ms="6158" status="PASS">
          <params>
            <param index="0">
              <value>
                <![CDATA[Edge]]>
              </value>
            </param>
          </params>
          <reporter-output>
          </reporter-output>
        </test-method> <!-- beforeTest -->
        <test-method signature="CreatAcoountErrorMessages()[pri:0, instance:tests.AccountTests@7c24b813]" started-at="2022-06-14T17:43:36 IDT" name="CreatAcoountErrorMessages" finished-at="2022-06-14T17:43:44 IDT" duration-ms="7763" status="PASS">
          <reporter-output>
          </reporter-output>
        </test-method> <!-- CreatAcoountErrorMessages -->
        <test-method is-config="true" signature="afterTest()[pri:0, instance:tests.AccountTests@7c24b813]" started-at="2022-06-14T17:43:44 IDT" name="afterTest" finished-at="2022-06-14T17:43:45 IDT" duration-ms="695" status="PASS">
          <reporter-output>
          </reporter-output>
        </test-method> <!-- afterTest -->
        <test-method is-config="true" signature="beforeTest(java.lang.String)[pri:0, instance:tests.AccountTests@7c24b813]" started-at="2022-06-14T17:43:45 IDT" name="beforeTest" finished-at="2022-06-14T17:43:52 IDT" duration-ms="7053" status="PASS">
          <params>
            <param index="0">
              <value>
                <![CDATA[Edge]]>
              </value>
            </param>
          </params>
          <reporter-output>
          </reporter-output>
        </test-method> <!-- beforeTest -->
        <test-method signature="CrudTestPersonalDetails()[pri:0, instance:tests.AccountTests@7c24b813]" started-at="2022-06-14T17:43:52 IDT" name="CrudTestPersonalDetails" finished-at="2022-06-14T17:44:06 IDT" duration-ms="14532" status="PASS">
          <reporter-output>
          </reporter-output>
        </test-method> <!-- CrudTestPersonalDetails -->
        <test-method is-config="true" signature="afterTest()[pri:0, instance:tests.AccountTests@7c24b813]" started-at="2022-06-14T17:44:06 IDT" name="afterTest" finished-at="2022-06-14T17:44:07 IDT" duration-ms="733" status="PASS">
          <reporter-output>
          </reporter-output>
        </test-method> <!-- afterTest -->
        <test-method is-config="true" signature="beforeTest(java.lang.String)[pri:0, instance:tests.AccountTests@7c24b813]" started-at="2022-06-14T17:44:07 IDT" name="beforeTest" finished-at="2022-06-14T17:44:14 IDT" duration-ms="6865" status="PASS">
          <params>
            <param index="0">
              <value>
                <![CDATA[Edge]]>
              </value>
            </param>
          </params>
          <reporter-output>
          </reporter-output>
        </test-method> <!-- beforeTest -->
        <test-method signature="LogInwithFacebookToLupa()[pri:0, instance:tests.AccountTests@7c24b813]" started-at="2022-06-14T17:44:14 IDT" name="LogInwithFacebookToLupa" finished-at="2022-06-14T17:44:30 IDT" duration-ms="15670" status="PASS">
          <reporter-output>
          </reporter-output>
        </test-method> <!-- LogInwithFacebookToLupa -->
        <test-method is-config="true" signature="afterTest()[pri:0, instance:tests.AccountTests@7c24b813]" started-at="2022-06-14T17:44:30 IDT" name="afterTest" finished-at="2022-06-14T17:44:30 IDT" duration-ms="703" status="PASS">
          <reporter-output>
          </reporter-output>
        </test-method> <!-- afterTest -->
      </class> <!-- tests.AccountTests -->
      <class name="tests.E2ETests">
        <test-method is-config="true" signature="beforeTest(java.lang.String)[pri:0, instance:tests.E2ETests@2c35e847]" started-at="2022-06-14T17:44:30 IDT" name="beforeTest" finished-at="2022-06-14T17:44:36 IDT" duration-ms="6016" status="PASS">
          <params>
            <param index="0">
              <value>
                <![CDATA[Edge]]>
              </value>
            </param>
          </params>
          <reporter-output>
          </reporter-output>
        </test-method> <!-- beforeTest -->
        <test-method signature="editPics()[pri:0, instance:tests.E2ETests@2c35e847]" started-at="2022-06-14T17:44:36 IDT" name="editPics" finished-at="2022-06-14T17:44:43 IDT" duration-ms="6234" status="PASS">
          <reporter-output>
          </reporter-output>
        </test-method> <!-- editPics -->
        <test-method is-config="true" signature="afterTest()[pri:0, instance:tests.E2ETests@2c35e847]" started-at="2022-06-14T17:44:43 IDT" name="afterTest" finished-at="2022-06-14T17:44:43 IDT" duration-ms="691" status="PASS">
          <reporter-output>
          </reporter-output>
        </test-method> <!-- afterTest -->
      </class> <!-- tests.E2ETests -->
      <class name="tests.UXTestsMainPage">
        <test-method is-config="true" signature="beforeMethod(java.lang.String)[pri:0, instance:tests.UXTestsMainPage@21e360a]" started-at="2022-06-14T17:46:42 IDT" name="beforeMethod" finished-at="2022-06-14T17:46:49 IDT" duration-ms="6813" status="PASS">
          <params>
            <param index="0">
              <value>
                <![CDATA[Edge]]>
              </value>
            </param>
          </params>
          <reporter-output>
          </reporter-output>
        </test-method> <!-- beforeMethod -->
        <test-method signature="UXTestLupaLogo()[pri:0, instance:tests.UXTestsMainPage@21e360a]" started-at="2022-06-14T17:46:49 IDT" name="UXTestLupaLogo" finished-at="2022-06-14T17:46:49 IDT" duration-ms="571" status="PASS">
          <reporter-output>
          </reporter-output>
        </test-method> <!-- UXTestLupaLogo -->
        <test-method is-config="true" signature="afterMethod()[pri:0, instance:tests.UXTestsMainPage@21e360a]" started-at="2022-06-14T17:46:49 IDT" name="afterMethod" finished-at="2022-06-14T17:46:50 IDT" duration-ms="654" status="PASS">
          <reporter-output>
          </reporter-output>
        </test-method> <!-- afterMethod -->
        <test-method is-config="true" signature="beforeMethod(java.lang.String)[pri:0, instance:tests.UXTestsMainPage@21e360a]" started-at="2022-06-14T17:46:50 IDT" name="beforeMethod" finished-at="2022-06-14T17:46:56 IDT" duration-ms="6595" status="PASS">
          <params>
            <param index="0">
              <value>
                <![CDATA[Edge]]>
              </value>
            </param>
          </params>
          <reporter-output>
          </reporter-output>
        </test-method> <!-- beforeMethod -->
        <test-method signature="UXTestOn2LinksFontAndColor()[pri:0, instance:tests.UXTestsMainPage@21e360a]" started-at="2022-06-14T17:46:56 IDT" name="UXTestOn2LinksFontAndColor" finished-at="2022-06-14T17:46:57 IDT" duration-ms="78" status="FAIL">
          <exception class="java.lang.ArrayIndexOutOfBoundsException">
            <message>
              <![CDATA[Index 2 out of bounds for length 2]]>
            </message>
            <full-stacktrace>
              <![CDATA[java.lang.ArrayIndexOutOfBoundsException: Index 2 out of bounds for length 2
at tools.UXFunctions.checkingFontAndColorOf2Links(UXFunctions.java:40)
at tests.UXTestsMainPage.UXTestOn2LinksFontAndColor(UXTestsMainPage.java:112)
at java.base/jdk.internal.reflect.NativeMethodAccessorImpl.invoke0(Native Method)
at java.base/jdk.internal.reflect.NativeMethodAccessorImpl.invoke(NativeMethodAccessorImpl.java:62)
at java.base/jdk.internal.reflect.DelegatingMethodAccessorImpl.invoke(DelegatingMethodAccessorImpl.java:43)
at java.base/java.lang.reflect.Method.invoke(Method.java:566)
at org.testng.internal.MethodInvocationHelper.invokeMethod(MethodInvocationHelper.java:134)
at org.testng.internal.TestInvoker.invokeMethod(TestInvoker.java:597)
at org.testng.internal.TestInvoker.invokeTestMethod(TestInvoker.java:173)
at org.testng.internal.MethodRunner.runInSequence(MethodRunner.java:46)
at org.testng.internal.TestInvoker$MethodInvocationAgent.invoke(TestInvoker.java:816)
at org.testng.internal.TestInvoker.invokeTestMethods(TestInvoker.java:146)
at org.testng.internal.TestMethodWorker.invokeTestMethods(TestMethodWorker.java:146)
at org.testng.internal.TestMethodWorker.run(TestMethodWorker.java:128)
at java.base/java.util.ArrayList.forEach(ArrayList.java:1540)
at org.testng.TestRunner.privateRun(TestRunner.java:766)
at org.testng.TestRunner.run(TestRunner.java:587)
at org.testng.SuiteRunner.runTest(SuiteRunner.java:384)
at org.testng.SuiteRunner.runSequentially(SuiteRunner.java:378)
at org.testng.SuiteRunner.privateRun(SuiteRunner.java:337)
at org.testng.SuiteRunner.run(SuiteRunner.java:286)
at org.testng.SuiteRunnerWorker.runSuite(SuiteRunnerWorker.java:53)
at org.testng.SuiteRunnerWorker.run(SuiteRunnerWorker.java:96)
at org.testng.TestNG.runSuitesSequentially(TestNG.java:1187)
at org.testng.TestNG.runSuitesLocally(TestNG.java:1109)
at org.testng.TestNG.runSuites(TestNG.java:1039)
at org.testng.TestNG.run(TestNG.java:1007)
at org.testng.remote.AbstractRemoteTestNG.run(AbstractRemoteTestNG.java:115)
at org.testng.remote.RemoteTestNG.initAndRun(RemoteTestNG.java:251)
at org.testng.remote.RemoteTestNG.main(RemoteTestNG.java:77)
]]>
            </full-stacktrace>
          </exception> <!-- java.lang.ArrayIndexOutOfBoundsException -->
          <reporter-output>
          </reporter-output>
        </test-method> <!-- UXTestOn2LinksFontAndColor -->
        <test-method is-config="true" signature="afterMethod()[pri:0, instance:tests.UXTestsMainPage@21e360a]" started-at="2022-06-14T17:46:57 IDT" name="afterMethod" finished-at="2022-06-14T17:46:57 IDT" duration-ms="674" status="PASS">
          <reporter-output>
          </reporter-output>
        </test-method> <!-- afterMethod -->
        <test-method is-config="true" signature="beforeMethod(java.lang.String)[pri:0, instance:tests.UXTestsMainPage@21e360a]" started-at="2022-06-14T17:46:57 IDT" name="beforeMethod" finished-at="2022-06-14T17:47:04 IDT" duration-ms="6410" status="PASS">
          <params>
            <param index="0">
              <value>
                <![CDATA[Edge]]>
              </value>
            </param>
          </params>
          <reporter-output>
          </reporter-output>
        </test-method> <!-- beforeMethod -->
        <test-method signature="UXTestOnDiscountAd()[pri:0, instance:tests.UXTestsMainPage@21e360a]" started-at="2022-06-14T17:47:04 IDT" name="UXTestOnDiscountAd" finished-at="2022-06-14T17:47:04 IDT" duration-ms="76" status="PASS">
          <reporter-output>
          </reporter-output>
        </test-method> <!-- UXTestOnDiscountAd -->
        <test-method is-config="true" signature="afterMethod()[pri:0, instance:tests.UXTestsMainPage@21e360a]" started-at="2022-06-14T17:47:04 IDT" name="afterMethod" finished-at="2022-06-14T17:47:04 IDT" duration-ms="660" status="PASS">
          <reporter-output>
          </reporter-output>
        </test-method> <!-- afterMethod -->
      </class> <!-- tests.UXTestsMainPage -->
    </test> <!-- TestsOnEdge2 -->
  </suite> <!-- Suite -->
</testng-results>
