<?xml version="1.0" encoding="UTF-8"?>
<!-- Generated by org.testng.reporters.JUnitXMLReporter -->
<testsuite ignored="2" hostname="DESKTOP-JIL93TC" failures="0" tests="1" name="Default test" time="8.18" errors="0" timestamp="2022-03-07T20:43:01 IST">
  <testcase classname="tests.AccountConnectionAndCrudTests" name="CreatAcoountFailed" time="1.996"/>
  <testcase classname="tests.AccountConnectionAndCrudTests" name="LogInwithFacebook" time="0.0">
    <ignored/>
  </testcase> <!-- LogInwithFacebook -->
  <testcase classname="tests.AccountConnectionAndCrudTests" name="CrudTest" time="0.0">
    <ignored/>
  </testcase> <!-- CrudTest -->
</testsuite> <!-- Default test -->
