<?xml version="1.0" encoding="UTF-8"?>
<!-- Generated by org.testng.reporters.JUnitXMLReporter -->
<testsuite ignored="10" hostname="DESKTOP-JIL93TC" failures="0" tests="1" name="Default test" time="19.953" errors="0" timestamp="2022-03-04T00:37:13 IST">
  <testcase classname="tests.Tests" name="valuesInTable" time="4.778"/>
  <testcase classname="tests.Tests" name="MenuTestAlbumTmonot" time="0.0">
    <ignored/>
  </testcase> <!-- MenuTestAlbumTmonot -->
  <testcase classname="tests.Tests" name="uxTest" time="0.0">
    <ignored/>
  </testcase> <!-- uxTest -->
  <testcase classname="tests.Tests" name="UXFontColorLinks" time="0.0">
    <ignored/>
  </testcase> <!-- UXFontColorLinks -->
  <testcase classname="tests.Tests" name="searchResults" time="0.0">
    <ignored/>
  </testcase> <!-- searchResults -->
  <testcase classname="tests.Tests" name="LikeButtons" time="0.0">
    <ignored/>
  </testcase> <!-- LikeButtons -->
  <testcase classname="tests.Tests" name="editPics" time="0.0">
    <ignored/>
  </testcase> <!-- editPics -->
  <testcase classname="tests.Tests" name="connectToFacebookThroughChat" time="0.0">
    <ignored/>
  </testcase> <!-- connectToFacebookThroughChat -->
  <testcase classname="tests.Tests" name="cssValueDiscount" time="0.0">
    <ignored/>
  </testcase> <!-- cssValueDiscount -->
  <testcase classname="tests.Tests" name="followOrderFailed" time="0.0">
    <ignored/>
  </testcase> <!-- followOrderFailed -->
  <testcase classname="tests.Tests" name="butiqSparimCatgorys" time="0.0">
    <ignored/>
  </testcase> <!-- butiqSparimCatgorys -->
</testsuite> <!-- Default test -->
